14:41:05 **** Incremental Build of configuration Debug for project TestingCudo ****
make all 
make: Nothing to be done for 'all'.
14:41:08 **** Incremental Build of configuration Debug for project TestingCudo ****
make all 
make: Nothing to be done for 'all'.
14:42:31 **** Incremental Build of configuration Debug for project TestingCudo ****
make all 
Building file: ../test1.cu
Invoking: NVCC Compiler
/usr/bin/nvcc -G -g -O0 -std=c++11 -gencode arch=compute_50,code=sm_50 -gencode arch=compute_52,code=sm_52  -odir "." -M -o "test1.d" "../test1.cu"
/usr/bin/nvcc -G -g -O0 -std=c++11 --compile --relocatable-device-code=false -gencode arch=compute_50,code=compute_50 -gencode arch=compute_52,code=compute_52 -gencode arch=compute_50,code=sm_50 -gencode arch=compute_52,code=sm_52  -x cu -o  "test1.o" "../test1.cu"
ptxas warning : Stack size for entry function '_Z7computeP4gridP4pathPS0_' cannot be statically determined
ptxas warning : Stack size for entry function '_Z7computeP4gridP4pathPS0_' cannot be statically determined
Finished building: ../test1.cu
 
Building target: TestingCudo
Invoking: NVCC Linker
/usr/bin/nvcc --cudart static --relocatable-device-code=false -gencode arch=compute_50,code=compute_50 -gencode arch=compute_52,code=compute_52 -gencode arch=compute_50,code=sm_50 -gencode arch=compute_52,code=sm_52 -link -o  "TestingCudo"  ./test1.o   
Finished building target: TestingCudo
 
14:42:37 **** Incremental Build of configuration Debug for project TestingCudo ****
make all 
make: Nothing to be done for 'all'.
14:43:28 **** Incremental Build of configuration Debug for project TestingCudo ****
make all 
make: Nothing to be done for 'all'.
14:46:48 **** Incremental Build of configuration Debug for project TestingCudo ****
make all 
Building file: ../test1.cu
Invoking: NVCC Compiler
/usr/bin/nvcc -G -g -O0 -std=c++11 -gencode arch=compute_50,code=sm_50 -gencode arch=compute_52,code=sm_52  -odir "." -M -o "test1.d" "../test1.cu"
/usr/bin/nvcc -G -g -O0 -std=c++11 --compile --relocatable-device-code=false -gencode arch=compute_50,code=compute_50 -gencode arch=compute_52,code=compute_52 -gencode arch=compute_50,code=sm_50 -gencode arch=compute_52,code=sm_52  -x cu -o  "test1.o" "../test1.cu"
ptxas warning : Stack size for entry function '_Z7computeP4gridP4pathPS0_' cannot be statically determined
ptxas warning : Stack size for entry function '_Z7computeP4gridP4pathPS0_' cannot be statically determined
Finished building: ../test1.cu
 
Building target: TestingCudo
Invoking: NVCC Linker
/usr/bin/nvcc --cudart static --relocatable-device-code=false -gencode arch=compute_50,code=compute_50 -gencode arch=compute_52,code=compute_52 -gencode arch=compute_50,code=sm_50 -gencode arch=compute_52,code=sm_52 -link -o  "TestingCudo"  ./test1.o   
Finished building target: TestingCudo
 
14:47:40 **** Incremental Build of configuration Debug for project TestingCudo ****
make all 
Building file: ../test1.cu
Invoking: NVCC Compiler
/usr/bin/nvcc -G -g -O0 -std=c++11 -gencode arch=compute_50,code=sm_50 -gencode arch=compute_52,code=sm_52  -odir "." -M -o "test1.d" "../test1.cu"
/usr/bin/nvcc -G -g -O0 -std=c++11 --compile --relocatable-device-code=false -gencode arch=compute_50,code=compute_50 -gencode arch=compute_52,code=compute_52 -gencode arch=compute_50,code=sm_50 -gencode arch=compute_52,code=sm_52  -x cu -o  "test1.o" "../test1.cu"
ptxas warning : Stack size for entry function '_Z7computeP4gridP4pathPS0_' cannot be statically determined
ptxas warning : Stack size for entry function '_Z7computeP4gridP4pathPS0_' cannot be statically determined
Finished building: ../test1.cu
 
Building target: TestingCudo
Invoking: NVCC Linker
/usr/bin/nvcc --cudart static --relocatable-device-code=false -gencode arch=compute_50,code=compute_50 -gencode arch=compute_52,code=compute_52 -gencode arch=compute_50,code=sm_50 -gencode arch=compute_52,code=sm_52 -link -o  "TestingCudo"  ./test1.o   
Finished building target: TestingCudo
 
14:48:57 **** Incremental Build of configuration Debug for project TestingCudo ****
make all 
Building file: ../test1.cu
Invoking: NVCC Compiler
/usr/bin/nvcc -G -g -O0 -std=c++11 -gencode arch=compute_50,code=sm_50 -gencode arch=compute_52,code=sm_52  -odir "." -M -o "test1.d" "../test1.cu"
/usr/bin/nvcc -G -g -O0 -std=c++11 --compile --relocatable-device-code=false -gencode arch=compute_50,code=compute_50 -gencode arch=compute_52,code=compute_52 -gencode arch=compute_50,code=sm_50 -gencode arch=compute_52,code=sm_52  -x cu -o  "test1.o" "../test1.cu"
ptxas warning : Stack size for entry function '_Z7computeP4gridP4pathPS0_' cannot be statically determined
ptxas warning : Stack size for entry function '_Z7computeP4gridP4pathPS0_' cannot be statically determined
Finished building: ../test1.cu
 
Building target: TestingCudo
Invoking: NVCC Linker
/usr/bin/nvcc --cudart static --relocatable-device-code=false -gencode arch=compute_50,code=compute_50 -gencode arch=compute_52,code=compute_52 -gencode arch=compute_50,code=sm_50 -gencode arch=compute_52,code=sm_52 -link -o  "TestingCudo"  ./test1.o   
Finished building target: TestingCudo
 
14:56:49 **** Incremental Build of configuration Debug for project TestingCudo ****
make all 
Building file: ../test1.cu
Invoking: NVCC Compiler
/usr/bin/nvcc -G -g -O0 -std=c++11 -gencode arch=compute_50,code=sm_50 -gencode arch=compute_52,code=sm_52  -odir "." -M -o "test1.d" "../test1.cu"
/usr/bin/nvcc -G -g -O0 -std=c++11 --compile --relocatable-device-code=false -gencode arch=compute_50,code=compute_50 -gencode arch=compute_52,code=compute_52 -gencode arch=compute_50,code=sm_50 -gencode arch=compute_52,code=sm_52  -x cu -o  "test1.o" "../test1.cu"
ptxas warning : Stack size for entry function '_Z7computeP4gridP4pathPS0_' cannot be statically determined
ptxas warning : Stack size for entry function '_Z7computeP4gridP4pathPS0_' cannot be statically determined
Finished building: ../test1.cu
 
Building target: TestingCudo
Invoking: NVCC Linker
/usr/bin/nvcc --cudart static --relocatable-device-code=false -gencode arch=compute_50,code=compute_50 -gencode arch=compute_52,code=compute_52 -gencode arch=compute_50,code=sm_50 -gencode arch=compute_52,code=sm_52 -link -o  "TestingCudo"  ./test1.o   
Finished building target: TestingCudo
 
14:59:15 **** Incremental Build of configuration Debug for project TestingCudo ****
make all 
Building file: ../test1.cu
Invoking: NVCC Compiler
/usr/bin/nvcc -G -g -O0 -std=c++11 -gencode arch=compute_50,code=sm_50 -gencode arch=compute_52,code=sm_52  -odir "." -M -o "test1.d" "../test1.cu"
/usr/bin/nvcc -G -g -O0 -std=c++11 --compile --relocatable-device-code=false -gencode arch=compute_50,code=compute_50 -gencode arch=compute_52,code=compute_52 -gencode arch=compute_50,code=sm_50 -gencode arch=compute_52,code=sm_52  -x cu -o  "test1.o" "../test1.cu"
ptxas warning : Stack size for entry function '_Z7computeP4gridP4pathPS0_' cannot be statically determined
ptxas warning : Stack size for entry function '_Z7computeP4gridP4pathPS0_' cannot be statically determined
Finished building: ../test1.cu
 
Building target: TestingCudo
Invoking: NVCC Linker
/usr/bin/nvcc --cudart static --relocatable-device-code=false -gencode arch=compute_50,code=compute_50 -gencode arch=compute_52,code=compute_52 -gencode arch=compute_50,code=sm_50 -gencode arch=compute_52,code=sm_52 -link -o  "TestingCudo"  ./test1.o   
Finished building target: TestingCudo
 
15:00:14 **** Incremental Build of configuration Debug for project TestingCudo ****
make all 
Building file: ../test1.cu
Invoking: NVCC Compiler
/usr/bin/nvcc -G -g -O0 -std=c++11 -gencode arch=compute_50,code=sm_50 -gencode arch=compute_52,code=sm_52  -odir "." -M -o "test1.d" "../test1.cu"
/usr/bin/nvcc -G -g -O0 -std=c++11 --compile --relocatable-device-code=false -gencode arch=compute_50,code=compute_50 -gencode arch=compute_52,code=compute_52 -gencode arch=compute_50,code=sm_50 -gencode arch=compute_52,code=sm_52  -x cu -o  "test1.o" "../test1.cu"
ptxas warning : Stack size for entry function '_Z7computeP4gridP4pathPS0_' cannot be statically determined
ptxas warning : Stack size for entry function '_Z7computeP4gridP4pathPS0_' cannot be statically determined
Finished building: ../test1.cu
 
Building target: TestingCudo
Invoking: NVCC Linker
/usr/bin/nvcc --cudart static --relocatable-device-code=false -gencode arch=compute_50,code=compute_50 -gencode arch=compute_52,code=compute_52 -gencode arch=compute_50,code=sm_50 -gencode arch=compute_52,code=sm_52 -link -o  "TestingCudo"  ./test1.o   
Finished building target: TestingCudo
 
15:09:46 **** Incremental Build of configuration Debug for project TestingCudo ****
make all 
Building file: ../test1.cu
Invoking: NVCC Compiler
/usr/bin/nvcc -G -g -O0 -std=c++11 -gencode arch=compute_50,code=sm_50 -gencode arch=compute_52,code=sm_52  -odir "." -M -o "test1.d" "../test1.cu"
/usr/bin/nvcc -G -g -O0 -std=c++11 --compile --relocatable-device-code=false -gencode arch=compute_50,code=compute_50 -gencode arch=compute_52,code=compute_52 -gencode arch=compute_50,code=sm_50 -gencode arch=compute_52,code=sm_52  -x cu -o  "test1.o" "../test1.cu"
ptxas warning : Stack size for entry function '_Z7computeP4gridP4pathPS0_' cannot be statically determined
ptxas warning : Stack size for entry function '_Z7computeP4gridP4pathPS0_' cannot be statically determined
Finished building: ../test1.cu
 
Building target: TestingCudo
Invoking: NVCC Linker
/usr/bin/nvcc --cudart static --relocatable-device-code=false -gencode arch=compute_50,code=compute_50 -gencode arch=compute_52,code=compute_52 -gencode arch=compute_50,code=sm_50 -gencode arch=compute_52,code=sm_52 -link -o  "TestingCudo"  ./test1.o   
Finished building target: TestingCudo
 
15:12:07 **** Incremental Build of configuration Debug for project TestingCudo ****
make all 
Building file: ../test1.cu
Invoking: NVCC Compiler
/usr/bin/nvcc -G -g -O0 -std=c++11 -gencode arch=compute_50,code=sm_50 -gencode arch=compute_52,code=sm_52  -odir "." -M -o "test1.d" "../test1.cu"
/usr/bin/nvcc -G -g -O0 -std=c++11 --compile --relocatable-device-code=false -gencode arch=compute_50,code=compute_50 -gencode arch=compute_52,code=compute_52 -gencode arch=compute_50,code=sm_50 -gencode arch=compute_52,code=sm_52  -x cu -o  "test1.o" "../test1.cu"
ptxas warning : Stack size for entry function '_Z7computeP4gridP4pathPS0_' cannot be statically determined
ptxas warning : Stack size for entry function '_Z7computeP4gridP4pathPS0_' cannot be statically determined
Finished building: ../test1.cu
 
Building target: TestingCudo
Invoking: NVCC Linker
/usr/bin/nvcc --cudart static --relocatable-device-code=false -gencode arch=compute_50,code=compute_50 -gencode arch=compute_52,code=compute_52 -gencode arch=compute_50,code=sm_50 -gencode arch=compute_52,code=sm_52 -link -o  "TestingCudo"  ./test1.o   
Finished building target: TestingCudo
 
15:12:35 **** Incremental Build of configuration Debug for project TestingCudo ****
make all 
make: Nothing to be done for 'all'.
15:13:06 **** Incremental Build of configuration Debug for project TestingCudo ****
make all 
Building file: ../test1.cu
Invoking: NVCC Compiler
/usr/bin/nvcc -G -g -O0 -std=c++11 -gencode arch=compute_50,code=sm_50 -gencode arch=compute_52,code=sm_52  -odir "." -M -o "test1.d" "../test1.cu"
/usr/bin/nvcc -G -g -O0 -std=c++11 --compile --relocatable-device-code=false -gencode arch=compute_50,code=compute_50 -gencode arch=compute_52,code=compute_52 -gencode arch=compute_50,code=sm_50 -gencode arch=compute_52,code=sm_52  -x cu -o  "test1.o" "../test1.cu"
ptxas warning : Stack size for entry function '_Z7computeP4gridP4pathPS0_' cannot be statically determined
ptxas warning : Stack size for entry function '_Z7computeP4gridP4pathPS0_' cannot be statically determined
Finished building: ../test1.cu
 
Building target: TestingCudo
Invoking: NVCC Linker
/usr/bin/nvcc --cudart static --relocatable-device-code=false -gencode arch=compute_50,code=compute_50 -gencode arch=compute_52,code=compute_52 -gencode arch=compute_50,code=sm_50 -gencode arch=compute_52,code=sm_52 -link -o  "TestingCudo"  ./test1.o   
Finished building target: TestingCudo
 
15:15:07 **** Incremental Build of configuration Debug for project TestingCudo ****
make all 
Building file: ../test1.cu
Invoking: NVCC Compiler
/usr/bin/nvcc -G -g -O0 -std=c++11 -gencode arch=compute_50,code=sm_50 -gencode arch=compute_52,code=sm_52  -odir "." -M -o "test1.d" "../test1.cu"
/usr/bin/nvcc -G -g -O0 -std=c++11 --compile --relocatable-device-code=false -gencode arch=compute_50,code=compute_50 -gencode arch=compute_52,code=compute_52 -gencode arch=compute_50,code=sm_50 -gencode arch=compute_52,code=sm_52  -x cu -o  "test1.o" "../test1.cu"
ptxas warning : Stack size for entry function '_Z7computeP4gridP4pathPS0_' cannot be statically determined
ptxas warning : Stack size for entry function '_Z7computeP4gridP4pathPS0_' cannot be statically determined
Finished building: ../test1.cu
 
Building target: TestingCudo
Invoking: NVCC Linker
/usr/bin/nvcc --cudart static --relocatable-device-code=false -gencode arch=compute_50,code=compute_50 -gencode arch=compute_52,code=compute_52 -gencode arch=compute_50,code=sm_50 -gencode arch=compute_52,code=sm_52 -link -o  "TestingCudo"  ./test1.o   
Finished building target: TestingCudo
 
15:15:35 **** Incremental Build of configuration Debug for project TestingCudo ****
make all 
make: Nothing to be done for 'all'.
15:16:15 **** Incremental Build of configuration Debug for project TestingCudo ****
make all 
make: Nothing to be done for 'all'.
15:17:14 **** Incremental Build of configuration Debug for project TestingCudo ****
make all 
make: Nothing to be done for 'all'.
15:17:19 **** Incremental Build of configuration Debug for project TestingCudo ****
make all 
make: Nothing to be done for 'all'.
15:19:23 **** Incremental Build of configuration Debug for project TestingCudo ****
make all 
Building file: ../test1.cu
Invoking: NVCC Compiler
/usr/bin/nvcc -G -g -O0 -std=c++11 -gencode arch=compute_50,code=sm_50 -gencode arch=compute_52,code=sm_52  -odir "." -M -o "test1.d" "../test1.cu"
/usr/bin/nvcc -G -g -O0 -std=c++11 --compile --relocatable-device-code=false -gencode arch=compute_50,code=compute_50 -gencode arch=compute_52,code=compute_52 -gencode arch=compute_50,code=sm_50 -gencode arch=compute_52,code=sm_52  -x cu -o  "test1.o" "../test1.cu"
../test1.cu(135): error: expression must have pointer type

../test1.cu(127): warning: variable "current" was declared but never referenced

1 error detected in the compilation of "/tmp/tmpxft_00006cb6_00000000-10_test1.compute_52.cpp1.ii".
subdir.mk:18: recipe for target 'test1.o' failed
make: *** [test1.o] Error 2
15:19:55 **** Incremental Build of configuration Debug for project TestingCudo ****
make all 
Building file: ../test1.cu
Invoking: NVCC Compiler
/usr/bin/nvcc -G -g -O0 -std=c++11 -gencode arch=compute_50,code=sm_50 -gencode arch=compute_52,code=sm_52  -odir "." -M -o "test1.d" "../test1.cu"
/usr/bin/nvcc -G -g -O0 -std=c++11 --compile --relocatable-device-code=false -gencode arch=compute_50,code=compute_50 -gencode arch=compute_52,code=compute_52 -gencode arch=compute_50,code=sm_50 -gencode arch=compute_52,code=sm_52  -x cu -o  "test1.o" "../test1.cu"
../test1.cu(127): warning: variable "current" was declared but never referenced

../test1.cu(127): warning: variable "current" was declared but never referenced

../test1.cu(127): warning: variable "current" was declared but never referenced

ptxas warning : Stack size for entry function '_Z7computeP4gridP4pathPS0_' cannot be statically determined
../test1.cu(127): warning: variable "current" was declared but never referenced

ptxas warning : Stack size for entry function '_Z7computeP4gridP4pathPS0_' cannot be statically determined
Finished building: ../test1.cu
 
Building target: TestingCudo
Invoking: NVCC Linker
/usr/bin/nvcc --cudart static --relocatable-device-code=false -gencode arch=compute_50,code=compute_50 -gencode arch=compute_52,code=compute_52 -gencode arch=compute_50,code=sm_50 -gencode arch=compute_52,code=sm_52 -link -o  "TestingCudo"  ./test1.o   
Finished building target: TestingCudo
 
15:20:06 **** Incremental Build of configuration Debug for project TestingCudo ****
make all 
Building file: ../test1.cu
Invoking: NVCC Compiler
/usr/bin/nvcc -G -g -O0 -std=c++11 -gencode arch=compute_50,code=sm_50 -gencode arch=compute_52,code=sm_52  -odir "." -M -o "test1.d" "../test1.cu"
/usr/bin/nvcc -G -g -O0 -std=c++11 --compile --relocatable-device-code=false -gencode arch=compute_50,code=compute_50 -gencode arch=compute_52,code=compute_52 -gencode arch=compute_50,code=sm_50 -gencode arch=compute_52,code=sm_52  -x cu -o  "test1.o" "../test1.cu"
ptxas warning : Stack size for entry function '_Z7computeP4gridP4pathPS0_' cannot be statically determined
ptxas warning : Stack size for entry function '_Z7computeP4gridP4pathPS0_' cannot be statically determined
Finished building: ../test1.cu
 
Building target: TestingCudo
Invoking: NVCC Linker
/usr/bin/nvcc --cudart static --relocatable-device-code=false -gencode arch=compute_50,code=compute_50 -gencode arch=compute_52,code=compute_52 -gencode arch=compute_50,code=sm_50 -gencode arch=compute_52,code=sm_52 -link -o  "TestingCudo"  ./test1.o   
Finished building target: TestingCudo
 
15:21:38 **** Incremental Build of configuration Debug for project TestingCudo ****
make all 
Building file: ../test1.cu
Invoking: NVCC Compiler
/usr/bin/nvcc -G -g -O0 -std=c++11 -gencode arch=compute_50,code=sm_50 -gencode arch=compute_52,code=sm_52  -odir "." -M -o "test1.d" "../test1.cu"
/usr/bin/nvcc -G -g -O0 -std=c++11 --compile --relocatable-device-code=false -gencode arch=compute_50,code=compute_50 -gencode arch=compute_52,code=compute_52 -gencode arch=compute_50,code=sm_50 -gencode arch=compute_52,code=sm_52  -x cu -o  "test1.o" "../test1.cu"
ptxas warning : Stack size for entry function '_Z7computeP4gridP4pathPS0_' cannot be statically determined
ptxas warning : Stack size for entry function '_Z7computeP4gridP4pathPS0_' cannot be statically determined
Finished building: ../test1.cu
 
Building target: TestingCudo
Invoking: NVCC Linker
/usr/bin/nvcc --cudart static --relocatable-device-code=false -gencode arch=compute_50,code=compute_50 -gencode arch=compute_52,code=compute_52 -gencode arch=compute_50,code=sm_50 -gencode arch=compute_52,code=sm_52 -link -o  "TestingCudo"  ./test1.o   
Finished building target: TestingCudo
 
15:22:42 **** Incremental Build of configuration Debug for project TestingCudo ****
make all 
Building file: ../test1.cu
Invoking: NVCC Compiler
/usr/bin/nvcc -G -g -O0 -std=c++11 -gencode arch=compute_50,code=sm_50 -gencode arch=compute_52,code=sm_52  -odir "." -M -o "test1.d" "../test1.cu"
/usr/bin/nvcc -G -g -O0 -std=c++11 --compile --relocatable-device-code=false -gencode arch=compute_50,code=compute_50 -gencode arch=compute_52,code=compute_52 -gencode arch=compute_50,code=sm_50 -gencode arch=compute_52,code=sm_52  -x cu -o  "test1.o" "../test1.cu"
ptxas warning : Stack size for entry function '_Z7computeP4gridP4pathPS0_' cannot be statically determined
ptxas warning : Stack size for entry function '_Z7computeP4gridP4pathPS0_' cannot be statically determined
Finished building: ../test1.cu
 
Building target: TestingCudo
Invoking: NVCC Linker
/usr/bin/nvcc --cudart static --relocatable-device-code=false -gencode arch=compute_50,code=compute_50 -gencode arch=compute_52,code=compute_52 -gencode arch=compute_50,code=sm_50 -gencode arch=compute_52,code=sm_52 -link -o  "TestingCudo"  ./test1.o   
Finished building target: TestingCudo
 
15:23:59 **** Incremental Build of configuration Debug for project TestingCudo ****
make all 
Building file: ../test1.cu
Invoking: NVCC Compiler
/usr/bin/nvcc -G -g -O0 -std=c++11 -gencode arch=compute_50,code=sm_50 -gencode arch=compute_52,code=sm_52  -odir "." -M -o "test1.d" "../test1.cu"
/usr/bin/nvcc -G -g -O0 -std=c++11 --compile --relocatable-device-code=false -gencode arch=compute_50,code=compute_50 -gencode arch=compute_52,code=compute_52 -gencode arch=compute_50,code=sm_50 -gencode arch=compute_52,code=sm_52  -x cu -o  "test1.o" "../test1.cu"
ptxas warning : Stack size for entry function '_Z7computeP4gridP4pathPS0_' cannot be statically determined
ptxas warning : Stack size for entry function '_Z7computeP4gridP4pathPS0_' cannot be statically determined
Finished building: ../test1.cu
 
Building target: TestingCudo
Invoking: NVCC Linker
/usr/bin/nvcc --cudart static --relocatable-device-code=false -gencode arch=compute_50,code=compute_50 -gencode arch=compute_52,code=compute_52 -gencode arch=compute_50,code=sm_50 -gencode arch=compute_52,code=sm_52 -link -o  "TestingCudo"  ./test1.o   
Finished building target: TestingCudo
 
15:26:11 **** Incremental Build of configuration Debug for project TestingCudo ****
make all 
Building file: ../test1.cu
Invoking: NVCC Compiler
/usr/bin/nvcc -G -g -O0 -std=c++11 -gencode arch=compute_50,code=sm_50 -gencode arch=compute_52,code=sm_52  -odir "." -M -o "test1.d" "../test1.cu"
/usr/bin/nvcc -G -g -O0 -std=c++11 --compile --relocatable-device-code=false -gencode arch=compute_50,code=compute_50 -gencode arch=compute_52,code=compute_52 -gencode arch=compute_50,code=sm_50 -gencode arch=compute_52,code=sm_52  -x cu -o  "test1.o" "../test1.cu"
ptxas warning : Stack size for entry function '_Z7computeP4gridP4pathPS0_' cannot be statically determined
ptxas warning : Stack size for entry function '_Z7computeP4gridP4pathPS0_' cannot be statically determined
Finished building: ../test1.cu
 
Building target: TestingCudo
Invoking: NVCC Linker
/usr/bin/nvcc --cudart static --relocatable-device-code=false -gencode arch=compute_50,code=compute_50 -gencode arch=compute_52,code=compute_52 -gencode arch=compute_50,code=sm_50 -gencode arch=compute_52,code=sm_52 -link -o  "TestingCudo"  ./test1.o   
Finished building target: TestingCudo
 
15:39:35 **** Incremental Build of configuration Debug for project TestingCudo ****
make all 
Building file: ../test1.cu
Invoking: NVCC Compiler
/usr/bin/nvcc -G -g -O0 -std=c++11 -gencode arch=compute_50,code=sm_50 -gencode arch=compute_52,code=sm_52  -odir "." -M -o "test1.d" "../test1.cu"
/usr/bin/nvcc -G -g -O0 -std=c++11 --compile --relocatable-device-code=false -gencode arch=compute_50,code=compute_50 -gencode arch=compute_52,code=compute_52 -gencode arch=compute_50,code=sm_50 -gencode arch=compute_52,code=sm_52  -x cu -o  "test1.o" "../test1.cu"
ptxas warning : Stack size for entry function '_Z7computeP4gridP4pathPS0_' cannot be statically determined
ptxas warning : Stack size for entry function '_Z7computeP4gridP4pathPS0_' cannot be statically determined
Finished building: ../test1.cu
 
Building target: TestingCudo
Invoking: NVCC Linker
/usr/bin/nvcc --cudart static --relocatable-device-code=false -gencode arch=compute_50,code=compute_50 -gencode arch=compute_52,code=compute_52 -gencode arch=compute_50,code=sm_50 -gencode arch=compute_52,code=sm_52 -link -o  "TestingCudo"  ./test1.o   
Finished building target: TestingCudo
 
09:29:47 **** Incremental Build of configuration Debug for project TestingCudo ****
Info: Configuration "Debug" uses tool-chain "CUDA Toolkit on the path" that is unsupported on this system, attempting to build anyway.
make all 
Building file: ../test1.cu
Invoking: NVCC Compiler
/usr/local/cuda-8.0/bin/nvcc -G -g -O0 -std=c++11 -gencode arch=compute_50,code=sm_50 -gencode arch=compute_52,code=sm_52  -odir "." -M -o "test1.d" "../test1.cu"
/usr/local/cuda-8.0/bin/nvcc -G -g -O0 -std=c++11 --compile --relocatable-device-code=false -gencode arch=compute_50,code=compute_50 -gencode arch=compute_52,code=compute_52 -gencode arch=compute_50,code=sm_50 -gencode arch=compute_52,code=sm_52  -x cu -o  "test1.o" "../test1.cu"
../test1.cu(289): warning: variable "head" is used before its value is set

../test1.cu(287): warning: variable "tail" was declared but never referenced

../test1.cu(387): error: return value type does not match the function type

1 error detected in the compilation of "/tmp/tmpxft_00002275_00000000-9_test1.compute_52.cpp1.ii".
make: *** [test1.o] Error 2
subdir.mk:18: recipe for target 'test1.o' failed
09:30:05 **** Incremental Build of configuration Debug for project TestingCudo ****
Info: Configuration "Debug" uses tool-chain "CUDA Toolkit on the path" that is unsupported on this system, attempting to build anyway.
make all 
Building file: ../test1.cu
Invoking: NVCC Compiler
/usr/local/cuda-8.0/bin/nvcc -G -g -O0 -std=c++11 -gencode arch=compute_50,code=sm_50 -gencode arch=compute_52,code=sm_52  -odir "." -M -o "test1.d" "../test1.cu"
/usr/local/cuda-8.0/bin/nvcc -G -g -O0 -std=c++11 --compile --relocatable-device-code=false -gencode arch=compute_50,code=compute_50 -gencode arch=compute_52,code=compute_52 -gencode arch=compute_50,code=sm_50 -gencode arch=compute_52,code=sm_52  -x cu -o  "test1.o" "../test1.cu"
../test1.cu(289): warning: variable "head" is used before its value is set

../test1.cu(287): warning: variable "tail" was declared but never referenced

../test1.cu(289): warning: variable "head" is used before its value is set

../test1.cu(287): warning: variable "tail" was declared but never referenced

../test1.cu(289): warning: variable "head" is used before its value is set

../test1.cu(287): warning: variable "tail" was declared but never referenced

ptxas warning : Stack size for entry function '_Z7computeP4gridP4pathPS0_' cannot be statically determined
ptxas warning : Stack size for entry function '_Z7computeP4gridP4pathPS0_' cannot be statically determined
Finished building: ../test1.cu
 
Building target: TestingCudo
Invoking: NVCC Linker
/usr/local/cuda-8.0/bin/nvcc --cudart static --relocatable-device-code=false -gencode arch=compute_50,code=compute_50 -gencode arch=compute_52,code=compute_52 -gencode arch=compute_50,code=sm_50 -gencode arch=compute_52,code=sm_52 -link -o  "TestingCudo"  ./test1.o   
Finished building target: TestingCudo
 
10:22:34 **** Incremental Build of configuration Debug for project TestingCudo ****
Info: Configuration "Debug" uses tool-chain "CUDA Toolkit on the path" that is unsupported on this system, attempting to build anyway.
make all 
Building file: ../test1.cu
Invoking: NVCC Compiler
/usr/local/cuda-8.0/bin/nvcc -G -g -O0 -std=c++11 -gencode arch=compute_50,code=sm_50 -gencode arch=compute_52,code=sm_52  -odir "." -M -o "test1.d" "../test1.cu"
/usr/local/cuda-8.0/bin/nvcc -G -g -O0 -std=c++11 --compile --relocatable-device-code=false -gencode arch=compute_50,code=compute_50 -gencode arch=compute_52,code=compute_52 -gencode arch=compute_50,code=sm_50 -gencode arch=compute_52,code=sm_52  -x cu -o  "test1.o" "../test1.cu"
../test1.cu(285): warning: conversion from pointer to smaller integer

../test1.cu(285): warning: conversion from pointer to smaller integer

../test1.cu(291): warning: variable "tail" was declared but never referenced

../test1.cu(297): warning: conversion from a string literal to "char *" is deprecated

../test1.cu(285): warning: conversion from pointer to smaller integer

../test1.cu(285): warning: conversion from pointer to smaller integer

../test1.cu(291): warning: variable "tail" was declared but never referenced

../test1.cu(297): warning: conversion from a string literal to "char *" is deprecated

../test1.cu(285): warning: conversion from pointer to smaller integer

../test1.cu(285): warning: conversion from pointer to smaller integer

../test1.cu(291): warning: variable "tail" was declared but never referenced

../test1.cu(297): warning: conversion from a string literal to "char *" is deprecated

ptxas warning : Stack size for entry function '_Z7computeP4gridP4pathPS0_' cannot be statically determined
ptxas warning : Stack size for entry function '_Z7computeP4gridP4pathPS0_' cannot be statically determined
../test1.cu: In function ‘path* getPath(char*)’:
../test1.cu:285:20: error: cast from ‘char*’ to ‘int’ loses precision [-fpermissive]
   int offset = (int)pass - (int)domain;
                    ^
../test1.cu:285:34: error: cast from ‘char*’ to ‘int’ loses precision [-fpermissive]
   int offset = (int)pass - (int)domain;
                                  ^
make: *** [test1.o] Error 1
subdir.mk:18: recipe for target 'test1.o' failed
10:22:58 **** Incremental Build of configuration Debug for project TestingCudo ****
Info: Configuration "Debug" uses tool-chain "CUDA Toolkit on the path" that is unsupported on this system, attempting to build anyway.
make all 
Building file: ../test1.cu
Invoking: NVCC Compiler
/usr/local/cuda-8.0/bin/nvcc -G -g -O0 -std=c++11 -gencode arch=compute_50,code=sm_50 -gencode arch=compute_52,code=sm_52  -odir "." -M -o "test1.d" "../test1.cu"
/usr/local/cuda-8.0/bin/nvcc -G -g -O0 -std=c++11 --compile --relocatable-device-code=false -gencode arch=compute_50,code=compute_50 -gencode arch=compute_52,code=compute_52 -gencode arch=compute_50,code=sm_50 -gencode arch=compute_52,code=sm_52  -x cu -o  "test1.o" "../test1.cu"
../test1.cu(291): warning: variable "tail" was declared but never referenced

../test1.cu(297): warning: conversion from a string literal to "char *" is deprecated

../test1.cu(291): warning: variable "tail" was declared but never referenced

../test1.cu(297): warning: conversion from a string literal to "char *" is deprecated

../test1.cu(291): warning: variable "tail" was declared but never referenced

../test1.cu(297): warning: conversion from a string literal to "char *" is deprecated

ptxas warning : Stack size for entry function '_Z7computeP4gridP4pathPS0_' cannot be statically determined
ptxas warning : Stack size for entry function '_Z7computeP4gridP4pathPS0_' cannot be statically determined
Finished building: ../test1.cu
 
Building target: TestingCudo
Invoking: NVCC Linker
/usr/local/cuda-8.0/bin/nvcc --cudart static --relocatable-device-code=false -gencode arch=compute_50,code=compute_50 -gencode arch=compute_52,code=compute_52 -gencode arch=compute_50,code=sm_50 -gencode arch=compute_52,code=sm_52 -link -o  "TestingCudo"  ./test1.o   
Finished building target: TestingCudo
 
10:23:04 **** Incremental Build of configuration Debug for project TestingCudo ****
Info: Configuration "Debug" uses tool-chain "CUDA Toolkit on the path" that is unsupported on this system, attempting to build anyway.
make all 
make: Nothing to be done for 'all'.
10:24:08 **** Incremental Build of configuration Debug for project TestingCudo ****
Info: Configuration "Debug" uses tool-chain "CUDA Toolkit on the path" that is unsupported on this system, attempting to build anyway.
make all 
Building file: ../test1.cu
Invoking: NVCC Compiler
/usr/local/cuda-8.0/bin/nvcc -G -g -O0 -std=c++11 -gencode arch=compute_50,code=sm_50 -gencode arch=compute_52,code=sm_52  -odir "." -M -o "test1.d" "../test1.cu"
/usr/local/cuda-8.0/bin/nvcc -G -g -O0 -std=c++11 --compile --relocatable-device-code=false -gencode arch=compute_50,code=compute_50 -gencode arch=compute_52,code=compute_52 -gencode arch=compute_50,code=sm_50 -gencode arch=compute_52,code=sm_52  -x cu -o  "test1.o" "../test1.cu"
../test1.cu(291): warning: variable "tail" was declared but never referenced

../test1.cu(297): warning: conversion from a string literal to "char *" is deprecated

../test1.cu(291): warning: variable "tail" was declared but never referenced

../test1.cu(297): warning: conversion from a string literal to "char *" is deprecated

../test1.cu(291): warning: variable "tail" was declared but never referenced

../test1.cu(297): warning: conversion from a string literal to "char *" is deprecated

ptxas warning : Stack size for entry function '_Z7computeP4gridP4pathPS0_' cannot be statically determined
ptxas warning : Stack size for entry function '_Z7computeP4gridP4pathPS0_' cannot be statically determined
Finished building: ../test1.cu
 
Building target: TestingCudo
Invoking: NVCC Linker
/usr/local/cuda-8.0/bin/nvcc --cudart static --relocatable-device-code=false -gencode arch=compute_50,code=compute_50 -gencode arch=compute_52,code=compute_52 -gencode arch=compute_50,code=sm_50 -gencode arch=compute_52,code=sm_52 -link -o  "TestingCudo"  ./test1.o   
Finished building target: TestingCudo
 
10:24:39 **** Incremental Build of configuration Debug for project TestingCudo ****
Info: Configuration "Debug" uses tool-chain "CUDA Toolkit on the path" that is unsupported on this system, attempting to build anyway.
make all 
Building file: ../test1.cu
Invoking: NVCC Compiler
/usr/local/cuda-8.0/bin/nvcc -G -g -O0 -std=c++11 -gencode arch=compute_50,code=sm_50 -gencode arch=compute_52,code=sm_52  -odir "." -M -o "test1.d" "../test1.cu"
/usr/local/cuda-8.0/bin/nvcc -G -g -O0 -std=c++11 --compile --relocatable-device-code=false -gencode arch=compute_50,code=compute_50 -gencode arch=compute_52,code=compute_52 -gencode arch=compute_50,code=sm_50 -gencode arch=compute_52,code=sm_52  -x cu -o  "test1.o" "../test1.cu"
../test1.cu(291): warning: variable "tail" was declared but never referenced

../test1.cu(291): warning: variable "tail" was declared but never referenced

../test1.cu(291): warning: variable "tail" was declared but never referenced

ptxas warning : Stack size for entry function '_Z7computeP4gridP4pathPS0_' cannot be statically determined
ptxas warning : Stack size for entry function '_Z7computeP4gridP4pathPS0_' cannot be statically determined
Finished building: ../test1.cu
 
Building target: TestingCudo
Invoking: NVCC Linker
/usr/local/cuda-8.0/bin/nvcc --cudart static --relocatable-device-code=false -gencode arch=compute_50,code=compute_50 -gencode arch=compute_52,code=compute_52 -gencode arch=compute_50,code=sm_50 -gencode arch=compute_52,code=sm_52 -link -o  "TestingCudo"  ./test1.o   
Finished building target: TestingCudo
 
10:25:43 **** Incremental Build of configuration Debug for project TestingCudo ****
Info: Configuration "Debug" uses tool-chain "CUDA Toolkit on the path" that is unsupported on this system, attempting to build anyway.
make all 
Building file: ../test1.cu
Invoking: NVCC Compiler
/usr/local/cuda-8.0/bin/nvcc -G -g -O0 -std=c++11 -gencode arch=compute_50,code=sm_50 -gencode arch=compute_52,code=sm_52  -odir "." -M -o "test1.d" "../test1.cu"
/usr/local/cuda-8.0/bin/nvcc -G -g -O0 -std=c++11 --compile --relocatable-device-code=false -gencode arch=compute_50,code=compute_50 -gencode arch=compute_52,code=compute_52 -gencode arch=compute_50,code=sm_50 -gencode arch=compute_52,code=sm_52  -x cu -o  "test1.o" "../test1.cu"
../test1.cu(291): warning: variable "tail" was declared but never referenced

../test1.cu(291): warning: variable "tail" was declared but never referenced

../test1.cu(291): warning: variable "tail" was declared but never referenced

ptxas warning : Stack size for entry function '_Z7computeP4gridP4pathPS0_' cannot be statically determined
ptxas warning : Stack size for entry function '_Z7computeP4gridP4pathPS0_' cannot be statically determined
Finished building: ../test1.cu
 
Building target: TestingCudo
Invoking: NVCC Linker
/usr/local/cuda-8.0/bin/nvcc --cudart static --relocatable-device-code=false -gencode arch=compute_50,code=compute_50 -gencode arch=compute_52,code=compute_52 -gencode arch=compute_50,code=sm_50 -gencode arch=compute_52,code=sm_52 -link -o  "TestingCudo"  ./test1.o   
Finished building target: TestingCudo
 
10:26:22 **** Incremental Build of configuration Debug for project TestingCudo ****
Info: Configuration "Debug" uses tool-chain "CUDA Toolkit on the path" that is unsupported on this system, attempting to build anyway.
make all 
Building file: ../test1.cu
Invoking: NVCC Compiler
/usr/local/cuda-8.0/bin/nvcc -G -g -O0 -std=c++11 -gencode arch=compute_50,code=sm_50 -gencode arch=compute_52,code=sm_52  -odir "." -M -o "test1.d" "../test1.cu"
/usr/local/cuda-8.0/bin/nvcc -G -g -O0 -std=c++11 --compile --relocatable-device-code=false -gencode arch=compute_50,code=compute_50 -gencode arch=compute_52,code=compute_52 -gencode arch=compute_50,code=sm_50 -gencode arch=compute_52,code=sm_52  -x cu -o  "test1.o" "../test1.cu"
../test1.cu(291): warning: variable "tail" was declared but never referenced

../test1.cu(291): warning: variable "tail" was declared but never referenced

../test1.cu(291): warning: variable "tail" was declared but never referenced

ptxas warning : Stack size for entry function '_Z7computeP4gridP4pathPS0_' cannot be statically determined
ptxas warning : Stack size for entry function '_Z7computeP4gridP4pathPS0_' cannot be statically determined
Finished building: ../test1.cu
 
Building target: TestingCudo
Invoking: NVCC Linker
/usr/local/cuda-8.0/bin/nvcc --cudart static --relocatable-device-code=false -gencode arch=compute_50,code=compute_50 -gencode arch=compute_52,code=compute_52 -gencode arch=compute_50,code=sm_50 -gencode arch=compute_52,code=sm_52 -link -o  "TestingCudo"  ./test1.o   
Finished building target: TestingCudo
 
10:26:47 **** Incremental Build of configuration Debug for project TestingCudo ****
Info: Configuration "Debug" uses tool-chain "CUDA Toolkit on the path" that is unsupported on this system, attempting to build anyway.
make all 
Building file: ../test1.cu
Invoking: NVCC Compiler
/usr/local/cuda-8.0/bin/nvcc -G -g -O0 -std=c++11 -gencode arch=compute_50,code=sm_50 -gencode arch=compute_52,code=sm_52  -odir "." -M -o "test1.d" "../test1.cu"
/usr/local/cuda-8.0/bin/nvcc -G -g -O0 -std=c++11 --compile --relocatable-device-code=false -gencode arch=compute_50,code=compute_50 -gencode arch=compute_52,code=compute_52 -gencode arch=compute_50,code=sm_50 -gencode arch=compute_52,code=sm_52  -x cu -o  "test1.o" "../test1.cu"
../test1.cu(291): warning: variable "tail" was declared but never referenced

../test1.cu(315): warning: unrecognized character escape sequence

../test1.cu(291): warning: variable "tail" was declared but never referenced

../test1.cu(315): warning: unrecognized character escape sequence

../test1.cu(291): warning: variable "tail" was declared but never referenced

../test1.cu(315): warning: unrecognized character escape sequence

ptxas warning : Stack size for entry function '_Z7computeP4gridP4pathPS0_' cannot be statically determined
ptxas warning : Stack size for entry function '_Z7computeP4gridP4pathPS0_' cannot be statically determined
Finished building: ../test1.cu
 
Building target: TestingCudo
Invoking: NVCC Linker
/usr/local/cuda-8.0/bin/nvcc --cudart static --relocatable-device-code=false -gencode arch=compute_50,code=compute_50 -gencode arch=compute_52,code=compute_52 -gencode arch=compute_50,code=sm_50 -gencode arch=compute_52,code=sm_52 -link -o  "TestingCudo"  ./test1.o   
Finished building target: TestingCudo
 
10:27:45 **** Incremental Build of configuration Debug for project TestingCudo ****
Info: Configuration "Debug" uses tool-chain "CUDA Toolkit on the path" that is unsupported on this system, attempting to build anyway.
make all 
Building file: ../test1.cu
Invoking: NVCC Compiler
/usr/local/cuda-8.0/bin/nvcc -G -g -O0 -std=c++11 -gencode arch=compute_50,code=sm_50 -gencode arch=compute_52,code=sm_52  -odir "." -M -o "test1.d" "../test1.cu"
/usr/local/cuda-8.0/bin/nvcc -G -g -O0 -std=c++11 --compile --relocatable-device-code=false -gencode arch=compute_50,code=compute_50 -gencode arch=compute_52,code=compute_52 -gencode arch=compute_50,code=sm_50 -gencode arch=compute_52,code=sm_52  -x cu -o  "test1.o" "../test1.cu"
../test1.cu(291): warning: variable "tail" was declared but never referenced

../test1.cu(291): warning: variable "tail" was declared but never referenced

../test1.cu(291): warning: variable "tail" was declared but never referenced

ptxas warning : Stack size for entry function '_Z7computeP4gridP4pathPS0_' cannot be statically determined
ptxas warning : Stack size for entry function '_Z7computeP4gridP4pathPS0_' cannot be statically determined
Finished building: ../test1.cu
 
Building target: TestingCudo
Invoking: NVCC Linker
/usr/local/cuda-8.0/bin/nvcc --cudart static --relocatable-device-code=false -gencode arch=compute_50,code=compute_50 -gencode arch=compute_52,code=compute_52 -gencode arch=compute_50,code=sm_50 -gencode arch=compute_52,code=sm_52 -link -o  "TestingCudo"  ./test1.o   
Finished building target: TestingCudo
 
10:38:12 **** Incremental Build of configuration Debug for project TestingCudo ****
Info: Configuration "Debug" uses tool-chain "CUDA Toolkit on the path" that is unsupported on this system, attempting to build anyway.
make all 
Building file: ../test1.cu
Invoking: NVCC Compiler
/usr/local/cuda-8.0/bin/nvcc -G -g -O0 -std=c++11 -gencode arch=compute_50,code=sm_50 -gencode arch=compute_52,code=sm_52  -odir "." -M -o "test1.d" "../test1.cu"
/usr/local/cuda-8.0/bin/nvcc -G -g -O0 -std=c++11 --compile --relocatable-device-code=false -gencode arch=compute_50,code=compute_50 -gencode arch=compute_52,code=compute_52 -gencode arch=compute_50,code=sm_50 -gencode arch=compute_52,code=sm_52  -x cu -o  "test1.o" "../test1.cu"
../test1.cu(291): warning: variable "tail" was declared but never referenced

../test1.cu(291): warning: variable "tail" was declared but never referenced

../test1.cu(291): warning: variable "tail" was declared but never referenced

ptxas warning : Stack size for entry function '_Z7computeP4gridP4pathPS0_' cannot be statically determined
ptxas warning : Stack size for entry function '_Z7computeP4gridP4pathPS0_' cannot be statically determined
Finished building: ../test1.cu
 
Building target: TestingCudo
Invoking: NVCC Linker
/usr/local/cuda-8.0/bin/nvcc --cudart static --relocatable-device-code=false -gencode arch=compute_50,code=compute_50 -gencode arch=compute_52,code=compute_52 -gencode arch=compute_50,code=sm_50 -gencode arch=compute_52,code=sm_52 -link -o  "TestingCudo"  ./test1.o   
Finished building target: TestingCudo
 
10:39:05 **** Incremental Build of configuration Debug for project TestingCudo ****
Info: Configuration "Debug" uses tool-chain "CUDA Toolkit on the path" that is unsupported on this system, attempting to build anyway.
make all 
Building file: ../test1.cu
Invoking: NVCC Compiler
/usr/local/cuda-8.0/bin/nvcc -G -g -O0 -std=c++11 -gencode arch=compute_50,code=sm_50 -gencode arch=compute_52,code=sm_52  -odir "." -M -o "test1.d" "../test1.cu"
/usr/local/cuda-8.0/bin/nvcc -G -g -O0 -std=c++11 --compile --relocatable-device-code=false -gencode arch=compute_50,code=compute_50 -gencode arch=compute_52,code=compute_52 -gencode arch=compute_50,code=sm_50 -gencode arch=compute_52,code=sm_52  -x cu -o  "test1.o" "../test1.cu"
../test1.cu(291): warning: variable "tail" was declared but never referenced

../test1.cu(291): warning: variable "tail" was declared but never referenced

../test1.cu(291): warning: variable "tail" was declared but never referenced

ptxas warning : Stack size for entry function '_Z7computeP4gridP4pathPS0_' cannot be statically determined
ptxas warning : Stack size for entry function '_Z7computeP4gridP4pathPS0_' cannot be statically determined
Finished building: ../test1.cu
 
Building target: TestingCudo
Invoking: NVCC Linker
/usr/local/cuda-8.0/bin/nvcc --cudart static --relocatable-device-code=false -gencode arch=compute_50,code=compute_50 -gencode arch=compute_52,code=compute_52 -gencode arch=compute_50,code=sm_50 -gencode arch=compute_52,code=sm_52 -link -o  "TestingCudo"  ./test1.o   
Finished building target: TestingCudo
 
10:39:17 **** Incremental Build of configuration Debug for project TestingCudo ****
Info: Configuration "Debug" uses tool-chain "CUDA Toolkit on the path" that is unsupported on this system, attempting to build anyway.
make all 
Building file: ../test1.cu
Invoking: NVCC Compiler
/usr/local/cuda-8.0/bin/nvcc -G -g -O0 -std=c++11 -gencode arch=compute_50,code=sm_50 -gencode arch=compute_52,code=sm_52  -odir "." -M -o "test1.d" "../test1.cu"
/usr/local/cuda-8.0/bin/nvcc -G -g -O0 -std=c++11 --compile --relocatable-device-code=false -gencode arch=compute_50,code=compute_50 -gencode arch=compute_52,code=compute_52 -gencode arch=compute_50,code=sm_50 -gencode arch=compute_52,code=sm_52  -x cu -o  "test1.o" "../test1.cu"
../test1.cu(291): warning: variable "tail" was declared but never referenced

../test1.cu(291): warning: variable "tail" was declared but never referenced

../test1.cu(291): warning: variable "tail" was declared but never referenced

ptxas warning : Stack size for entry function '_Z7computeP4gridP4pathPS0_' cannot be statically determined
ptxas warning : Stack size for entry function '_Z7computeP4gridP4pathPS0_' cannot be statically determined
Finished building: ../test1.cu
 
Building target: TestingCudo
Invoking: NVCC Linker
/usr/local/cuda-8.0/bin/nvcc --cudart static --relocatable-device-code=false -gencode arch=compute_50,code=compute_50 -gencode arch=compute_52,code=compute_52 -gencode arch=compute_50,code=sm_50 -gencode arch=compute_52,code=sm_52 -link -o  "TestingCudo"  ./test1.o   
Finished building target: TestingCudo
 
10:49:44 **** Incremental Build of configuration Debug for project TestingCudo ****
Info: Configuration "Debug" uses tool-chain "CUDA Toolkit on the path" that is unsupported on this system, attempting to build anyway.
make all 
Building file: ../test1.cu
Invoking: NVCC Compiler
/usr/local/cuda-8.0/bin/nvcc -G -g -O0 -std=c++11 -gencode arch=compute_50,code=sm_50 -gencode arch=compute_52,code=sm_52  -odir "." -M -o "test1.d" "../test1.cu"
/usr/local/cuda-8.0/bin/nvcc -G -g -O0 -std=c++11 --compile --relocatable-device-code=false -gencode arch=compute_50,code=compute_50 -gencode arch=compute_52,code=compute_52 -gencode arch=compute_50,code=sm_50 -gencode arch=compute_52,code=sm_52  -x cu -o  "test1.o" "../test1.cu"
../test1.cu(291): warning: variable "tail" was declared but never referenced

../test1.cu(291): warning: variable "tail" was declared but never referenced

../test1.cu(291): warning: variable "tail" was declared but never referenced

ptxas warning : Stack size for entry function '_Z7computeP4gridP4pathPS0_' cannot be statically determined
ptxas warning : Stack size for entry function '_Z7computeP4gridP4pathPS0_' cannot be statically determined
Finished building: ../test1.cu
 
Building target: TestingCudo
Invoking: NVCC Linker
/usr/local/cuda-8.0/bin/nvcc --cudart static --relocatable-device-code=false -gencode arch=compute_50,code=compute_50 -gencode arch=compute_52,code=compute_52 -gencode arch=compute_50,code=sm_50 -gencode arch=compute_52,code=sm_52 -link -o  "TestingCudo"  ./test1.o   
Finished building target: TestingCudo
 
11:01:44 **** Incremental Build of configuration Debug for project TestingCudo ****
Info: Configuration "Debug" uses tool-chain "CUDA Toolkit on the path" that is unsupported on this system, attempting to build anyway.
make all 
Building file: ../test1.cu
Invoking: NVCC Compiler
/usr/local/cuda-8.0/bin/nvcc -G -g -O0 -std=c++11 -gencode arch=compute_50,code=sm_50 -gencode arch=compute_52,code=sm_52  -odir "." -M -o "test1.d" "../test1.cu"
/usr/local/cuda-8.0/bin/nvcc -G -g -O0 -std=c++11 --compile --relocatable-device-code=false -gencode arch=compute_50,code=compute_50 -gencode arch=compute_52,code=compute_52 -gencode arch=compute_50,code=sm_50 -gencode arch=compute_52,code=sm_52  -x cu -o  "test1.o" "../test1.cu"
../test1.cu(299): error: too few arguments in function call

../test1.cu(297): warning: variable "chars" was declared but never referenced

../test1.cu(293): warning: variable "tail" was declared but never referenced

1 error detected in the compilation of "/tmp/tmpxft_00002d90_00000000-9_test1.compute_52.cpp1.ii".
subdir.mk:18: recipe for target 'test1.o' failed
make: *** [test1.o] Error 2
11:02:19 **** Incremental Build of configuration Debug for project TestingCudo ****
Info: Configuration "Debug" uses tool-chain "CUDA Toolkit on the path" that is unsupported on this system, attempting to build anyway.
make all 
Building file: ../test1.cu
Invoking: NVCC Compiler
/usr/local/cuda-8.0/bin/nvcc -G -g -O0 -std=c++11 -gencode arch=compute_50,code=sm_50 -gencode arch=compute_52,code=sm_52  -odir "." -M -o "test1.d" "../test1.cu"
/usr/local/cuda-8.0/bin/nvcc -G -g -O0 -std=c++11 --compile --relocatable-device-code=false -gencode arch=compute_50,code=compute_50 -gencode arch=compute_52,code=compute_52 -gencode arch=compute_50,code=sm_50 -gencode arch=compute_52,code=sm_52  -x cu -o  "test1.o" "../test1.cu"
../test1.cu(297): warning: variable "chars" was declared but never referenced

../test1.cu(293): warning: variable "tail" was declared but never referenced

../test1.cu(297): warning: variable "chars" was declared but never referenced

../test1.cu(293): warning: variable "tail" was declared but never referenced

../test1.cu(297): warning: variable "chars" was declared but never referenced

../test1.cu(293): warning: variable "tail" was declared but never referenced

ptxas warning : Stack size for entry function '_Z7computeP4gridP4pathPS0_' cannot be statically determined
ptxas warning : Stack size for entry function '_Z7computeP4gridP4pathPS0_' cannot be statically determined
Finished building: ../test1.cu
 
Building target: TestingCudo
Invoking: NVCC Linker
/usr/local/cuda-8.0/bin/nvcc --cudart static --relocatable-device-code=false -gencode arch=compute_50,code=compute_50 -gencode arch=compute_52,code=compute_52 -gencode arch=compute_50,code=sm_50 -gencode arch=compute_52,code=sm_52 -link -o  "TestingCudo"  ./test1.o   
Finished building target: TestingCudo
 
11:03:35 **** Incremental Build of configuration Debug for project TestingCudo ****
Info: Configuration "Debug" uses tool-chain "CUDA Toolkit on the path" that is unsupported on this system, attempting to build anyway.
make all 
Building file: ../test1.cu
Invoking: NVCC Compiler
/usr/local/cuda-8.0/bin/nvcc -G -g -O0 -std=c++11 -gencode arch=compute_50,code=sm_50 -gencode arch=compute_52,code=sm_52  -odir "." -M -o "test1.d" "../test1.cu"
/usr/local/cuda-8.0/bin/nvcc -G -g -O0 -std=c++11 --compile --relocatable-device-code=false -gencode arch=compute_50,code=compute_50 -gencode arch=compute_52,code=compute_52 -gencode arch=compute_50,code=sm_50 -gencode arch=compute_52,code=sm_52  -x cu -o  "test1.o" "../test1.cu"
../test1.cu(280): error: expected a ";"

../test1.cu(281): warning: missing return statement at end of non-void function "allocate"

../test1.cu(298): warning: variable "chars" was declared but never referenced

../test1.cu(294): warning: variable "tail" was declared but never referenced

1 error detected in the compilation of "/tmp/tmpxft_00002ea2_00000000-9_test1.compute_52.cpp1.ii".
subdir.mk:18: recipe for target 'test1.o' failed
make: *** [test1.o] Error 2
11:03:40 **** Incremental Build of configuration Debug for project TestingCudo ****
Info: Configuration "Debug" uses tool-chain "CUDA Toolkit on the path" that is unsupported on this system, attempting to build anyway.
make all 
Building file: ../test1.cu
Invoking: NVCC Compiler
/usr/local/cuda-8.0/bin/nvcc -G -g -O0 -std=c++11 -gencode arch=compute_50,code=sm_50 -gencode arch=compute_52,code=sm_52  -odir "." -M -o "test1.d" "../test1.cu"
/usr/local/cuda-8.0/bin/nvcc -G -g -O0 -std=c++11 --compile --relocatable-device-code=false -gencode arch=compute_50,code=compute_50 -gencode arch=compute_52,code=compute_52 -gencode arch=compute_50,code=sm_50 -gencode arch=compute_52,code=sm_52  -x cu -o  "test1.o" "../test1.cu"
../test1.cu(298): warning: variable "chars" was declared but never referenced

../test1.cu(294): warning: variable "tail" was declared but never referenced

../test1.cu(298): warning: variable "chars" was declared but never referenced

../test1.cu(294): warning: variable "tail" was declared but never referenced

../test1.cu(298): warning: variable "chars" was declared but never referenced

../test1.cu(294): warning: variable "tail" was declared but never referenced

ptxas warning : Stack size for entry function '_Z7computeP4gridP4pathPS0_' cannot be statically determined
ptxas warning : Stack size for entry function '_Z7computeP4gridP4pathPS0_' cannot be statically determined
Finished building: ../test1.cu
 
Building target: TestingCudo
Invoking: NVCC Linker
/usr/local/cuda-8.0/bin/nvcc --cudart static --relocatable-device-code=false -gencode arch=compute_50,code=compute_50 -gencode arch=compute_52,code=compute_52 -gencode arch=compute_50,code=sm_50 -gencode arch=compute_52,code=sm_52 -link -o  "TestingCudo"  ./test1.o   
Finished building target: TestingCudo
 
11:04:17 **** Incremental Build of configuration Debug for project TestingCudo ****
Info: Configuration "Debug" uses tool-chain "CUDA Toolkit on the path" that is unsupported on this system, attempting to build anyway.
make all 
Building file: ../test1.cu
Invoking: NVCC Compiler
/usr/local/cuda-8.0/bin/nvcc -G -g -O0 -std=c++11 -gencode arch=compute_50,code=sm_50 -gencode arch=compute_52,code=sm_52  -odir "." -M -o "test1.d" "../test1.cu"
/usr/local/cuda-8.0/bin/nvcc -G -g -O0 -std=c++11 --compile --relocatable-device-code=false -gencode arch=compute_50,code=compute_50 -gencode arch=compute_52,code=compute_52 -gencode arch=compute_50,code=sm_50 -gencode arch=compute_52,code=sm_52  -x cu -o  "test1.o" "../test1.cu"
../test1.cu(298): warning: variable "chars" was declared but never referenced

../test1.cu(294): warning: variable "tail" was declared but never referenced

../test1.cu(298): warning: variable "chars" was declared but never referenced

../test1.cu(294): warning: variable "tail" was declared but never referenced

../test1.cu(298): warning: variable "chars" was declared but never referenced

../test1.cu(294): warning: variable "tail" was declared but never referenced

ptxas warning : Stack size for entry function '_Z7computeP4gridP4pathPS0_' cannot be statically determined
ptxas warning : Stack size for entry function '_Z7computeP4gridP4pathPS0_' cannot be statically determined
Finished building: ../test1.cu
 
Building target: TestingCudo
Invoking: NVCC Linker
/usr/local/cuda-8.0/bin/nvcc --cudart static --relocatable-device-code=false -gencode arch=compute_50,code=compute_50 -gencode arch=compute_52,code=compute_52 -gencode arch=compute_50,code=sm_50 -gencode arch=compute_52,code=sm_52 -link -o  "TestingCudo"  ./test1.o   
Finished building target: TestingCudo
 
11:04:23 **** Incremental Build of configuration Debug for project TestingCudo ****
Info: Configuration "Debug" uses tool-chain "CUDA Toolkit on the path" that is unsupported on this system, attempting to build anyway.
make all 
Building file: ../test1.cu
Invoking: NVCC Compiler
/usr/local/cuda-8.0/bin/nvcc -G -g -O0 -std=c++11 -gencode arch=compute_50,code=sm_50 -gencode arch=compute_52,code=sm_52  -odir "." -M -o "test1.d" "../test1.cu"
/usr/local/cuda-8.0/bin/nvcc -G -g -O0 -std=c++11 --compile --relocatable-device-code=false -gencode arch=compute_50,code=compute_50 -gencode arch=compute_52,code=compute_52 -gencode arch=compute_50,code=sm_50 -gencode arch=compute_52,code=sm_52  -x cu -o  "test1.o" "../test1.cu"
../test1.cu(294): warning: variable "tail" was declared but never referenced

../test1.cu(294): warning: variable "tail" was declared but never referenced

../test1.cu(294): warning: variable "tail" was declared but never referenced

ptxas warning : Stack size for entry function '_Z7computeP4gridP4pathPS0_' cannot be statically determined
ptxas warning : Stack size for entry function '_Z7computeP4gridP4pathPS0_' cannot be statically determined
Finished building: ../test1.cu
 
Building target: TestingCudo
Invoking: NVCC Linker
/usr/local/cuda-8.0/bin/nvcc --cudart static --relocatable-device-code=false -gencode arch=compute_50,code=compute_50 -gencode arch=compute_52,code=compute_52 -gencode arch=compute_50,code=sm_50 -gencode arch=compute_52,code=sm_52 -link -o  "TestingCudo"  ./test1.o   
Finished building target: TestingCudo
 
11:16:42 **** Incremental Build of configuration Debug for project TestingCudo ****
Info: Configuration "Debug" uses tool-chain "CUDA Toolkit on the path" that is unsupported on this system, attempting to build anyway.
make all 
Building file: ../test1.cu
Invoking: NVCC Compiler
/usr/local/cuda-8.0/bin/nvcc -G -g -O0 -std=c++11 -gencode arch=compute_50,code=sm_50 -gencode arch=compute_52,code=sm_52  -odir "." -M -o "test1.d" "../test1.cu"
/usr/local/cuda-8.0/bin/nvcc -G -g -O0 -std=c++11 --compile --relocatable-device-code=false -gencode arch=compute_50,code=compute_50 -gencode arch=compute_52,code=compute_52 -gencode arch=compute_50,code=sm_50 -gencode arch=compute_52,code=sm_52  -x cu -o  "test1.o" "../test1.cu"
../test1.cu(282): error: incomplete type is not allowed

../test1.cu(282): error: identifier "p" is undefined

../test1.cu(282): error: expected an expression

../test1.cu(283): error: expected a ";"

../test1.cu(327): warning: parsing restarts here after previous syntax error

../test1.cu(328): error: expected a declaration

../test1.cu(364): warning: parsing restarts here after previous syntax error

../test1.cu(365): error: expected a declaration

../test1.cu(366): error: expected a declaration

../test1.cu(390): warning: parsing restarts here after previous syntax error

../test1.cu(391): error: this declaration has no storage class or type specifier

../test1.cu(391): error: expected a ";"

../test1.cu(392): error: this declaration has no storage class or type specifier

../test1.cu(392): error: variable "p" has already been defined

../test1.cu(392): error: expected a ";"

../test1.cu(393): error: this declaration has no storage class or type specifier

../test1.cu(393): error: variable "p" has already been defined

../test1.cu(393): error: expected a ";"

../test1.cu(394): error: this declaration has no storage class or type specifier

../test1.cu(394): error: variable "p" has already been defined

../test1.cu(394): error: expected a ";"

../test1.cu(396): error: this declaration has no storage class or type specifier

../test1.cu(396): error: expected a ";"

../test1.cu(396): warning: parsing restarts here after previous syntax error

../test1.cu(397): error: this declaration has no storage class or type specifier

../test1.cu(397): error: variable "p2" has already been defined

../test1.cu(397): error: expected a ";"

../test1.cu(398): error: this declaration has no storage class or type specifier

../test1.cu(398): error: variable "p2" has already been defined

../test1.cu(398): error: expected a ";"

../test1.cu(399): error: this declaration has no storage class or type specifier

../test1.cu(399): error: variable "p2" has already been defined

../test1.cu(399): error: expected a ";"

../test1.cu(400): error: this declaration has no storage class or type specifier

../test1.cu(400): error: variable "p2" has already been defined

../test1.cu(400): error: expected a ";"

../test1.cu(401): error: this declaration has no storage class or type specifier

../test1.cu(401): error: variable "p2" has already been defined

../test1.cu(401): error: expected a ";"

../test1.cu(404): error: this declaration has no storage class or type specifier

../test1.cu(404): error: declaration is incompatible with overloaded function "cudaMallocManaged"
/usr/local/cuda-8.0/bin/../targets/x86_64-linux/include/cuda_runtime_api.h(3030): here

../test1.cu(404): error: a value of type "void **" cannot be used to initialize an entity of type "int"

../test1.cu(404): error: expected a ")"

../test1.cu(405): error: expected a declaration

../test1.cu(420): warning: parsing restarts here after previous syntax error

../test1.cu(421): error: explicit type is missing ("int" assumed)

../test1.cu(421): error: cannot overload functions distinguished by return type alone

../test1.cu(422): error: this declaration has no storage class or type specifier

../test1.cu(422): error: variable "i" has already been defined

../test1.cu(423): error: expected a declaration

../test1.cu(436): warning: parsing restarts here after previous syntax error

../test1.cu(437): error: expected a declaration

../test1.cu(438): error: expected a declaration

At end of source: warning: parsing restarts here after previous syntax error

47 errors detected in the compilation of "/tmp/tmpxft_00003113_00000000-9_test1.compute_52.cpp1.ii".
make: *** [test1.o] Error 2
subdir.mk:18: recipe for target 'test1.o' failed
11:17:08 **** Incremental Build of configuration Debug for project TestingCudo ****
Info: Configuration "Debug" uses tool-chain "CUDA Toolkit on the path" that is unsupported on this system, attempting to build anyway.
make all 
Building file: ../test1.cu
Invoking: NVCC Compiler
/usr/local/cuda-8.0/bin/nvcc -G -g -O0 -std=c++11 -gencode arch=compute_50,code=sm_50 -gencode arch=compute_52,code=sm_52  -odir "." -M -o "test1.d" "../test1.cu"
/usr/local/cuda-8.0/bin/nvcc -G -g -O0 -std=c++11 --compile --relocatable-device-code=false -gencode arch=compute_50,code=compute_50 -gencode arch=compute_52,code=compute_52 -gencode arch=compute_50,code=sm_50 -gencode arch=compute_52,code=sm_52  -x cu -o  "test1.o" "../test1.cu"
ptxas warning : Stack size for entry function '_Z7computeP4gridP4pathPS0_' cannot be statically determined
ptxas warning : Stack size for entry function '_Z7computeP4gridP4pathPS0_' cannot be statically determined
Finished building: ../test1.cu
 
Building target: TestingCudo
Invoking: NVCC Linker
/usr/local/cuda-8.0/bin/nvcc --cudart static --relocatable-device-code=false -gencode arch=compute_50,code=compute_50 -gencode arch=compute_52,code=compute_52 -gencode arch=compute_50,code=sm_50 -gencode arch=compute_52,code=sm_52 -link -o  "TestingCudo"  ./test1.o   
Finished building target: TestingCudo
 
11:17:36 **** Incremental Build of configuration Debug for project TestingCudo ****
Info: Configuration "Debug" uses tool-chain "CUDA Toolkit on the path" that is unsupported on this system, attempting to build anyway.
make all 
Building file: ../test1.cu
Invoking: NVCC Compiler
/usr/local/cuda-8.0/bin/nvcc -G -g -O0 -std=c++11 -gencode arch=compute_50,code=sm_50 -gencode arch=compute_52,code=sm_52  -odir "." -M -o "test1.d" "../test1.cu"
/usr/local/cuda-8.0/bin/nvcc -G -g -O0 -std=c++11 --compile --relocatable-device-code=false -gencode arch=compute_50,code=compute_50 -gencode arch=compute_52,code=compute_52 -gencode arch=compute_50,code=sm_50 -gencode arch=compute_52,code=sm_52  -x cu -o  "test1.o" "../test1.cu"
ptxas warning : Stack size for entry function '_Z7computeP4gridP4pathPS0_' cannot be statically determined
ptxas warning : Stack size for entry function '_Z7computeP4gridP4pathPS0_' cannot be statically determined
Finished building: ../test1.cu
 
Building target: TestingCudo
Invoking: NVCC Linker
/usr/local/cuda-8.0/bin/nvcc --cudart static --relocatable-device-code=false -gencode arch=compute_50,code=compute_50 -gencode arch=compute_52,code=compute_52 -gencode arch=compute_50,code=sm_50 -gencode arch=compute_52,code=sm_52 -link -o  "TestingCudo"  ./test1.o   
Finished building target: TestingCudo
 
11:18:09 **** Incremental Build of configuration Debug for project TestingCudo ****
Info: Configuration "Debug" uses tool-chain "CUDA Toolkit on the path" that is unsupported on this system, attempting to build anyway.
make all 
Building file: ../test1.cu
Invoking: NVCC Compiler
/usr/local/cuda-8.0/bin/nvcc -G -g -O0 -std=c++11 -gencode arch=compute_50,code=sm_50 -gencode arch=compute_52,code=sm_52  -odir "." -M -o "test1.d" "../test1.cu"
/usr/local/cuda-8.0/bin/nvcc -G -g -O0 -std=c++11 --compile --relocatable-device-code=false -gencode arch=compute_50,code=compute_50 -gencode arch=compute_52,code=compute_52 -gencode arch=compute_50,code=sm_50 -gencode arch=compute_52,code=sm_52  -x cu -o  "test1.o" "../test1.cu"
ptxas warning : Stack size for entry function '_Z7computeP4gridP4pathPS0_' cannot be statically determined
ptxas warning : Stack size for entry function '_Z7computeP4gridP4pathPS0_' cannot be statically determined
Finished building: ../test1.cu
 
Building target: TestingCudo
Invoking: NVCC Linker
/usr/local/cuda-8.0/bin/nvcc --cudart static --relocatable-device-code=false -gencode arch=compute_50,code=compute_50 -gencode arch=compute_52,code=compute_52 -gencode arch=compute_50,code=sm_50 -gencode arch=compute_52,code=sm_52 -link -o  "TestingCudo"  ./test1.o   
Finished building target: TestingCudo
 
11:22:10 **** Incremental Build of configuration Debug for project TestingCudo ****
Info: Configuration "Debug" uses tool-chain "CUDA Toolkit on the path" that is unsupported on this system, attempting to build anyway.
make all 
Building file: ../test1.cu
Invoking: NVCC Compiler
/usr/local/cuda-8.0/bin/nvcc -G -g -O0 -std=c++11 -gencode arch=compute_50,code=sm_50 -gencode arch=compute_52,code=sm_52  -odir "." -M -o "test1.d" "../test1.cu"
/usr/local/cuda-8.0/bin/nvcc -G -g -O0 -std=c++11 --compile --relocatable-device-code=false -gencode arch=compute_50,code=compute_50 -gencode arch=compute_52,code=compute_52 -gencode arch=compute_50,code=sm_50 -gencode arch=compute_52,code=sm_52  -x cu -o  "test1.o" "../test1.cu"
ptxas warning : Stack size for entry function '_Z7computeP4gridP4pathPS0_' cannot be statically determined
ptxas warning : Stack size for entry function '_Z7computeP4gridP4pathPS0_' cannot be statically determined
Finished building: ../test1.cu
 
Building target: TestingCudo
Invoking: NVCC Linker
/usr/local/cuda-8.0/bin/nvcc --cudart static --relocatable-device-code=false -gencode arch=compute_50,code=compute_50 -gencode arch=compute_52,code=compute_52 -gencode arch=compute_50,code=sm_50 -gencode arch=compute_52,code=sm_52 -link -o  "TestingCudo"  ./test1.o   
Finished building target: TestingCudo
 
11:38:24 **** Incremental Build of configuration Debug for project TestingCudo ****
Info: Configuration "Debug" uses tool-chain "CUDA Toolkit on the path" that is unsupported on this system, attempting to build anyway.
make all 
Building file: ../test1.cu
Invoking: NVCC Compiler
/usr/local/cuda-8.0/bin/nvcc -G -g -O0 -std=c++11 -gencode arch=compute_50,code=sm_50 -gencode arch=compute_52,code=sm_52  -odir "." -M -o "test1.d" "../test1.cu"
/usr/local/cuda-8.0/bin/nvcc -G -g -O0 -std=c++11 --compile --relocatable-device-code=false -gencode arch=compute_50,code=compute_50 -gencode arch=compute_52,code=compute_52 -gencode arch=compute_50,code=sm_50 -gencode arch=compute_52,code=sm_52  -x cu -o  "test1.o" "../test1.cu"
../test1.cu(375): error: type name is not allowed

../test1.cu(377): error: expected an identifier

../test1.cu(377): error: no suitable constructor exists to convert from "path **" to "path"

../test1.cu(388): error: type name is not allowed

4 errors detected in the compilation of "/tmp/tmpxft_000034ff_00000000-9_test1.compute_52.cpp1.ii".
make: *** [test1.o] Error 2
subdir.mk:18: recipe for target 'test1.o' failed
11:39:11 **** Incremental Build of configuration Debug for project TestingCudo ****
Info: Configuration "Debug" uses tool-chain "CUDA Toolkit on the path" that is unsupported on this system, attempting to build anyway.
make all 
Building file: ../test1.cu
Invoking: NVCC Compiler
/usr/local/cuda-8.0/bin/nvcc -G -g -O0 -std=c++11 -gencode arch=compute_50,code=sm_50 -gencode arch=compute_52,code=sm_52  -odir "." -M -o "test1.d" "../test1.cu"
/usr/local/cuda-8.0/bin/nvcc -G -g -O0 -std=c++11 --compile --relocatable-device-code=false -gencode arch=compute_50,code=compute_50 -gencode arch=compute_52,code=compute_52 -gencode arch=compute_50,code=sm_50 -gencode arch=compute_52,code=sm_52  -x cu -o  "test1.o" "../test1.cu"
../test1.cu(375): error: no suitable conversion function from "path" to "path *" exists

../test1.cu(377): error: a value of type "path **" cannot be assigned to an entity of type "path *"

../test1.cu(388): error: type name is not allowed

3 errors detected in the compilation of "/tmp/tmpxft_00003566_00000000-9_test1.compute_52.cpp1.ii".
subdir.mk:18: recipe for target 'test1.o' failed
make: *** [test1.o] Error 2
11:40:01 **** Incremental Build of configuration Debug for project TestingCudo ****
Info: Configuration "Debug" uses tool-chain "CUDA Toolkit on the path" that is unsupported on this system, attempting to build anyway.
make all 
Building file: ../test1.cu
Invoking: NVCC Compiler
/usr/local/cuda-8.0/bin/nvcc -G -g -O0 -std=c++11 -gencode arch=compute_50,code=sm_50 -gencode arch=compute_52,code=sm_52  -odir "." -M -o "test1.d" "../test1.cu"
/usr/local/cuda-8.0/bin/nvcc -G -g -O0 -std=c++11 --compile --relocatable-device-code=false -gencode arch=compute_50,code=compute_50 -gencode arch=compute_52,code=compute_52 -gencode arch=compute_50,code=sm_50 -gencode arch=compute_52,code=sm_52  -x cu -o  "test1.o" "../test1.cu"
../test1.cu(375): error: no suitable conversion function from "path" to "path *" exists

../test1.cu(377): error: a value of type "path **" cannot be assigned to an entity of type "path *"

../test1.cu(388): error: type name is not allowed

3 errors detected in the compilation of "/tmp/tmpxft_000035b5_00000000-9_test1.compute_52.cpp1.ii".
subdir.mk:18: recipe for target 'test1.o' failed
make: *** [test1.o] Error 2
11:40:07 **** Incremental Build of configuration Debug for project TestingCudo ****
Info: Configuration "Debug" uses tool-chain "CUDA Toolkit on the path" that is unsupported on this system, attempting to build anyway.
make all 
Building file: ../test1.cu
Invoking: NVCC Compiler
/usr/local/cuda-8.0/bin/nvcc -G -g -O0 -std=c++11 -gencode arch=compute_50,code=sm_50 -gencode arch=compute_52,code=sm_52  -odir "." -M -o "test1.d" "../test1.cu"
/usr/local/cuda-8.0/bin/nvcc -G -g -O0 -std=c++11 --compile --relocatable-device-code=false -gencode arch=compute_50,code=compute_50 -gencode arch=compute_52,code=compute_52 -gencode arch=compute_50,code=sm_50 -gencode arch=compute_52,code=sm_52  -x cu -o  "test1.o" "../test1.cu"
../test1.cu(375): error: no suitable conversion function from "path" to "path *" exists

../test1.cu(377): error: a value of type "path **" cannot be assigned to an entity of type "path *"

../test1.cu(388): error: type name is not allowed

3 errors detected in the compilation of "/tmp/tmpxft_00003607_00000000-9_test1.compute_52.cpp1.ii".
subdir.mk:18: recipe for target 'test1.o' failed
make: *** [test1.o] Error 2
11:40:30 **** Incremental Build of configuration Debug for project TestingCudo ****
Info: Configuration "Debug" uses tool-chain "CUDA Toolkit on the path" that is unsupported on this system, attempting to build anyway.
make all 
Building file: ../test1.cu
Invoking: NVCC Compiler
/usr/local/cuda-8.0/bin/nvcc -G -g -O0 -std=c++11 -gencode arch=compute_50,code=sm_50 -gencode arch=compute_52,code=sm_52  -odir "." -M -o "test1.d" "../test1.cu"
/usr/local/cuda-8.0/bin/nvcc -G -g -O0 -std=c++11 --compile --relocatable-device-code=false -gencode arch=compute_50,code=compute_50 -gencode arch=compute_52,code=compute_52 -gencode arch=compute_50,code=sm_50 -gencode arch=compute_52,code=sm_52  -x cu -o  "test1.o" "../test1.cu"
../test1.cu(388): error: type name is not allowed

1 error detected in the compilation of "/tmp/tmpxft_0000365c_00000000-9_test1.compute_52.cpp1.ii".
subdir.mk:18: recipe for target 'test1.o' failed
make: *** [test1.o] Error 2
11:41:03 **** Incremental Build of configuration Debug for project TestingCudo ****
Info: Configuration "Debug" uses tool-chain "CUDA Toolkit on the path" that is unsupported on this system, attempting to build anyway.
make all 
Building file: ../test1.cu
Invoking: NVCC Compiler
/usr/local/cuda-8.0/bin/nvcc -G -g -O0 -std=c++11 -gencode arch=compute_50,code=sm_50 -gencode arch=compute_52,code=sm_52  -odir "." -M -o "test1.d" "../test1.cu"
/usr/local/cuda-8.0/bin/nvcc -G -g -O0 -std=c++11 --compile --relocatable-device-code=false -gencode arch=compute_50,code=compute_50 -gencode arch=compute_52,code=compute_52 -gencode arch=compute_50,code=sm_50 -gencode arch=compute_52,code=sm_52  -x cu -o  "test1.o" "../test1.cu"
ptxas warning : Stack size for entry function '_Z7computeP4gridP4pathPS0_' cannot be statically determined
ptxas warning : Stack size for entry function '_Z7computeP4gridP4pathPS0_' cannot be statically determined
Finished building: ../test1.cu
 
Building target: TestingCudo
Invoking: NVCC Linker
/usr/local/cuda-8.0/bin/nvcc --cudart static --relocatable-device-code=false -gencode arch=compute_50,code=compute_50 -gencode arch=compute_52,code=compute_52 -gencode arch=compute_50,code=sm_50 -gencode arch=compute_52,code=sm_52 -link -o  "TestingCudo"  ./test1.o   
Finished building target: TestingCudo
 
11:42:28 **** Incremental Build of configuration Debug for project TestingCudo ****
Info: Configuration "Debug" uses tool-chain "CUDA Toolkit on the path" that is unsupported on this system, attempting to build anyway.
make all 
Building file: ../test1.cu
Invoking: NVCC Compiler
/usr/local/cuda-8.0/bin/nvcc -G -g -O0 -std=c++11 -gencode arch=compute_50,code=sm_50 -gencode arch=compute_52,code=sm_52  -odir "." -M -o "test1.d" "../test1.cu"
/usr/local/cuda-8.0/bin/nvcc -G -g -O0 -std=c++11 --compile --relocatable-device-code=false -gencode arch=compute_50,code=compute_50 -gencode arch=compute_52,code=compute_52 -gencode arch=compute_50,code=sm_50 -gencode arch=compute_52,code=sm_52  -x cu -o  "test1.o" "../test1.cu"
ptxas warning : Stack size for entry function '_Z7computeP4gridP4pathPS0_' cannot be statically determined
ptxas warning : Stack size for entry function '_Z7computeP4gridP4pathPS0_' cannot be statically determined
Finished building: ../test1.cu
 
Building target: TestingCudo
Invoking: NVCC Linker
/usr/local/cuda-8.0/bin/nvcc --cudart static --relocatable-device-code=false -gencode arch=compute_50,code=compute_50 -gencode arch=compute_52,code=compute_52 -gencode arch=compute_50,code=sm_50 -gencode arch=compute_52,code=sm_52 -link -o  "TestingCudo"  ./test1.o   
Finished building target: TestingCudo
 
11:43:04 **** Incremental Build of configuration Debug for project TestingCudo ****
Info: Configuration "Debug" uses tool-chain "CUDA Toolkit on the path" that is unsupported on this system, attempting to build anyway.
make all 
Building file: ../test1.cu
Invoking: NVCC Compiler
/usr/local/cuda-8.0/bin/nvcc -G -g -O0 -std=c++11 -gencode arch=compute_50,code=sm_50 -gencode arch=compute_52,code=sm_52  -odir "." -M -o "test1.d" "../test1.cu"
/usr/local/cuda-8.0/bin/nvcc -G -g -O0 -std=c++11 --compile --relocatable-device-code=false -gencode arch=compute_50,code=compute_50 -gencode arch=compute_52,code=compute_52 -gencode arch=compute_50,code=sm_50 -gencode arch=compute_52,code=sm_52  -x cu -o  "test1.o" "../test1.cu"
ptxas warning : Stack size for entry function '_Z7computeP4gridP4pathPS0_' cannot be statically determined
ptxas warning : Stack size for entry function '_Z7computeP4gridP4pathPS0_' cannot be statically determined
Finished building: ../test1.cu
 
Building target: TestingCudo
Invoking: NVCC Linker
/usr/local/cuda-8.0/bin/nvcc --cudart static --relocatable-device-code=false -gencode arch=compute_50,code=compute_50 -gencode arch=compute_52,code=compute_52 -gencode arch=compute_50,code=sm_50 -gencode arch=compute_52,code=sm_52 -link -o  "TestingCudo"  ./test1.o   
Finished building target: TestingCudo
 
11:43:28 **** Incremental Build of configuration Debug for project TestingCudo ****
Info: Configuration "Debug" uses tool-chain "CUDA Toolkit on the path" that is unsupported on this system, attempting to build anyway.
make all 
Building file: ../test1.cu
Invoking: NVCC Compiler
/usr/local/cuda-8.0/bin/nvcc -G -g -O0 -std=c++11 -gencode arch=compute_50,code=sm_50 -gencode arch=compute_52,code=sm_52  -odir "." -M -o "test1.d" "../test1.cu"
/usr/local/cuda-8.0/bin/nvcc -G -g -O0 -std=c++11 --compile --relocatable-device-code=false -gencode arch=compute_50,code=compute_50 -gencode arch=compute_52,code=compute_52 -gencode arch=compute_50,code=sm_50 -gencode arch=compute_52,code=sm_52  -x cu -o  "test1.o" "../test1.cu"
ptxas warning : Stack size for entry function '_Z7computeP4gridP4pathPS0_' cannot be statically determined
ptxas warning : Stack size for entry function '_Z7computeP4gridP4pathPS0_' cannot be statically determined
Finished building: ../test1.cu
 
Building target: TestingCudo
Invoking: NVCC Linker
/usr/local/cuda-8.0/bin/nvcc --cudart static --relocatable-device-code=false -gencode arch=compute_50,code=compute_50 -gencode arch=compute_52,code=compute_52 -gencode arch=compute_50,code=sm_50 -gencode arch=compute_52,code=sm_52 -link -o  "TestingCudo"  ./test1.o   
Finished building target: TestingCudo
 
11:44:29 **** Incremental Build of configuration Debug for project TestingCudo ****
Info: Configuration "Debug" uses tool-chain "CUDA Toolkit on the path" that is unsupported on this system, attempting to build anyway.
make all 
Building file: ../test1.cu
Invoking: NVCC Compiler
/usr/local/cuda-8.0/bin/nvcc -G -g -O0 -std=c++11 -gencode arch=compute_50,code=sm_50 -gencode arch=compute_52,code=sm_52  -odir "." -M -o "test1.d" "../test1.cu"
/usr/local/cuda-8.0/bin/nvcc -G -g -O0 -std=c++11 --compile --relocatable-device-code=false -gencode arch=compute_50,code=compute_50 -gencode arch=compute_52,code=compute_52 -gencode arch=compute_50,code=sm_50 -gencode arch=compute_52,code=sm_52  -x cu -o  "test1.o" "../test1.cu"
ptxas warning : Stack size for entry function '_Z7computeP4gridP4pathPS0_' cannot be statically determined
ptxas warning : Stack size for entry function '_Z7computeP4gridP4pathPS0_' cannot be statically determined
Finished building: ../test1.cu
 
Building target: TestingCudo
Invoking: NVCC Linker
/usr/local/cuda-8.0/bin/nvcc --cudart static --relocatable-device-code=false -gencode arch=compute_50,code=compute_50 -gencode arch=compute_52,code=compute_52 -gencode arch=compute_50,code=sm_50 -gencode arch=compute_52,code=sm_52 -link -o  "TestingCudo"  ./test1.o   
Finished building target: TestingCudo
 
11:45:19 **** Incremental Build of configuration Debug for project TestingCudo ****
Info: Configuration "Debug" uses tool-chain "CUDA Toolkit on the path" that is unsupported on this system, attempting to build anyway.
make all 
Building file: ../test1.cu
Invoking: NVCC Compiler
/usr/local/cuda-8.0/bin/nvcc -G -g -O0 -std=c++11 -gencode arch=compute_50,code=sm_50 -gencode arch=compute_52,code=sm_52  -odir "." -M -o "test1.d" "../test1.cu"
/usr/local/cuda-8.0/bin/nvcc -G -g -O0 -std=c++11 --compile --relocatable-device-code=false -gencode arch=compute_50,code=compute_50 -gencode arch=compute_52,code=compute_52 -gencode arch=compute_50,code=sm_50 -gencode arch=compute_52,code=sm_52  -x cu -o  "test1.o" "../test1.cu"
ptxas warning : Stack size for entry function '_Z7computeP4gridP4pathPS0_' cannot be statically determined
ptxas warning : Stack size for entry function '_Z7computeP4gridP4pathPS0_' cannot be statically determined
Finished building: ../test1.cu
 
Building target: TestingCudo
Invoking: NVCC Linker
/usr/local/cuda-8.0/bin/nvcc --cudart static --relocatable-device-code=false -gencode arch=compute_50,code=compute_50 -gencode arch=compute_52,code=compute_52 -gencode arch=compute_50,code=sm_50 -gencode arch=compute_52,code=sm_52 -link -o  "TestingCudo"  ./test1.o   
Finished building target: TestingCudo
 
11:49:36 **** Incremental Build of configuration Debug for project TestingCudo ****
Info: Configuration "Debug" uses tool-chain "CUDA Toolkit on the path" that is unsupported on this system, attempting to build anyway.
make all 
Building file: ../test1.cu
Invoking: NVCC Compiler
/usr/local/cuda-8.0/bin/nvcc -G -g -O0 -std=c++11 -gencode arch=compute_50,code=sm_50 -gencode arch=compute_52,code=sm_52  -odir "." -M -o "test1.d" "../test1.cu"
/usr/local/cuda-8.0/bin/nvcc -G -g -O0 -std=c++11 --compile --relocatable-device-code=false -gencode arch=compute_50,code=compute_50 -gencode arch=compute_52,code=compute_52 -gencode arch=compute_50,code=sm_50 -gencode arch=compute_52,code=sm_52  -x cu -o  "test1.o" "../test1.cu"
ptxas warning : Stack size for entry function '_Z7computeP4gridP4pathPS0_' cannot be statically determined
ptxas warning : Stack size for entry function '_Z7computeP4gridP4pathPS0_' cannot be statically determined
Finished building: ../test1.cu
 
Building target: TestingCudo
Invoking: NVCC Linker
/usr/local/cuda-8.0/bin/nvcc --cudart static --relocatable-device-code=false -gencode arch=compute_50,code=compute_50 -gencode arch=compute_52,code=compute_52 -gencode arch=compute_50,code=sm_50 -gencode arch=compute_52,code=sm_52 -link -o  "TestingCudo"  ./test1.o   
Finished building target: TestingCudo
 
11:50:02 **** Incremental Build of configuration Debug for project TestingCudo ****
Info: Configuration "Debug" uses tool-chain "CUDA Toolkit on the path" that is unsupported on this system, attempting to build anyway.
make all 
Building file: ../test1.cu
Invoking: NVCC Compiler
/usr/local/cuda-8.0/bin/nvcc -G -g -O0 -std=c++11 -gencode arch=compute_50,code=sm_50 -gencode arch=compute_52,code=sm_52  -odir "." -M -o "test1.d" "../test1.cu"
/usr/local/cuda-8.0/bin/nvcc -G -g -O0 -std=c++11 --compile --relocatable-device-code=false -gencode arch=compute_50,code=compute_50 -gencode arch=compute_52,code=compute_52 -gencode arch=compute_50,code=sm_50 -gencode arch=compute_52,code=sm_52  -x cu -o  "test1.o" "../test1.cu"
ptxas warning : Stack size for entry function '_Z7computeP4gridP4pathPS0_' cannot be statically determined
ptxas warning : Stack size for entry function '_Z7computeP4gridP4pathPS0_' cannot be statically determined
Finished building: ../test1.cu
 
Building target: TestingCudo
Invoking: NVCC Linker
/usr/local/cuda-8.0/bin/nvcc --cudart static --relocatable-device-code=false -gencode arch=compute_50,code=compute_50 -gencode arch=compute_52,code=compute_52 -gencode arch=compute_50,code=sm_50 -gencode arch=compute_52,code=sm_52 -link -o  "TestingCudo"  ./test1.o   
Finished building target: TestingCudo
 
11:51:11 **** Incremental Build of configuration Debug for project TestingCudo ****
Info: Configuration "Debug" uses tool-chain "CUDA Toolkit on the path" that is unsupported on this system, attempting to build anyway.
make all 
Building file: ../test1.cu
Invoking: NVCC Compiler
/usr/local/cuda-8.0/bin/nvcc -G -g -O0 -std=c++11 -gencode arch=compute_50,code=sm_50 -gencode arch=compute_52,code=sm_52  -odir "." -M -o "test1.d" "../test1.cu"
/usr/local/cuda-8.0/bin/nvcc -G -g -O0 -std=c++11 --compile --relocatable-device-code=false -gencode arch=compute_50,code=compute_50 -gencode arch=compute_52,code=compute_52 -gencode arch=compute_50,code=sm_50 -gencode arch=compute_52,code=sm_52  -x cu -o  "test1.o" "../test1.cu"
ptxas warning : Stack size for entry function '_Z7computeP4gridP4pathPS0_' cannot be statically determined
ptxas warning : Stack size for entry function '_Z7computeP4gridP4pathPS0_' cannot be statically determined
Finished building: ../test1.cu
 
Building target: TestingCudo
Invoking: NVCC Linker
/usr/local/cuda-8.0/bin/nvcc --cudart static --relocatable-device-code=false -gencode arch=compute_50,code=compute_50 -gencode arch=compute_52,code=compute_52 -gencode arch=compute_50,code=sm_50 -gencode arch=compute_52,code=sm_52 -link -o  "TestingCudo"  ./test1.o   
Finished building target: TestingCudo
 
11:54:46 **** Incremental Build of configuration Debug for project TestingCudo ****
Info: Configuration "Debug" uses tool-chain "CUDA Toolkit on the path" that is unsupported on this system, attempting to build anyway.
make all 
Building file: ../test1.cu
Invoking: NVCC Compiler
/usr/local/cuda-8.0/bin/nvcc -G -g -O0 -std=c++11 -gencode arch=compute_50,code=sm_50 -gencode arch=compute_52,code=sm_52  -odir "." -M -o "test1.d" "../test1.cu"
/usr/local/cuda-8.0/bin/nvcc -G -g -O0 -std=c++11 --compile --relocatable-device-code=false -gencode arch=compute_50,code=compute_50 -gencode arch=compute_52,code=compute_52 -gencode arch=compute_50,code=sm_50 -gencode arch=compute_52,code=sm_52  -x cu -o  "test1.o" "../test1.cu"
../test1.cu(360): error: return value type does not match the function type

1 error detected in the compilation of "/tmp/tmpxft_00003d25_00000000-9_test1.compute_52.cpp1.ii".
subdir.mk:18: recipe for target 'test1.o' failed
make: *** [test1.o] Error 2
11:55:13 **** Incremental Build of configuration Debug for project TestingCudo ****
Info: Configuration "Debug" uses tool-chain "CUDA Toolkit on the path" that is unsupported on this system, attempting to build anyway.
make all 
Building file: ../test1.cu
Invoking: NVCC Compiler
/usr/local/cuda-8.0/bin/nvcc -G -g -O0 -std=c++11 -gencode arch=compute_50,code=sm_50 -gencode arch=compute_52,code=sm_52  -odir "." -M -o "test1.d" "../test1.cu"
/usr/local/cuda-8.0/bin/nvcc -G -g -O0 -std=c++11 --compile --relocatable-device-code=false -gencode arch=compute_50,code=compute_50 -gencode arch=compute_52,code=compute_52 -gencode arch=compute_50,code=sm_50 -gencode arch=compute_52,code=sm_52  -x cu -o  "test1.o" "../test1.cu"
ptxas warning : Stack size for entry function '_Z7computeP4gridP4pathPS0_' cannot be statically determined
ptxas warning : Stack size for entry function '_Z7computeP4gridP4pathPS0_' cannot be statically determined
Finished building: ../test1.cu
 
Building target: TestingCudo
Invoking: NVCC Linker
/usr/local/cuda-8.0/bin/nvcc --cudart static --relocatable-device-code=false -gencode arch=compute_50,code=compute_50 -gencode arch=compute_52,code=compute_52 -gencode arch=compute_50,code=sm_50 -gencode arch=compute_52,code=sm_52 -link -o  "TestingCudo"  ./test1.o   
Finished building target: TestingCudo
 
11:55:25 **** Incremental Build of configuration Debug for project TestingCudo ****
Info: Configuration "Debug" uses tool-chain "CUDA Toolkit on the path" that is unsupported on this system, attempting to build anyway.
make all 
Building file: ../test1.cu
Invoking: NVCC Compiler
/usr/local/cuda-8.0/bin/nvcc -G -g -O0 -std=c++11 -gencode arch=compute_50,code=sm_50 -gencode arch=compute_52,code=sm_52  -odir "." -M -o "test1.d" "../test1.cu"
/usr/local/cuda-8.0/bin/nvcc -G -g -O0 -std=c++11 --compile --relocatable-device-code=false -gencode arch=compute_50,code=compute_50 -gencode arch=compute_52,code=compute_52 -gencode arch=compute_50,code=sm_50 -gencode arch=compute_52,code=sm_52  -x cu -o  "test1.o" "../test1.cu"
ptxas warning : Stack size for entry function '_Z7computeP4gridP4pathPS0_' cannot be statically determined
ptxas warning : Stack size for entry function '_Z7computeP4gridP4pathPS0_' cannot be statically determined
Finished building: ../test1.cu
 
Building target: TestingCudo
Invoking: NVCC Linker
/usr/local/cuda-8.0/bin/nvcc --cudart static --relocatable-device-code=false -gencode arch=compute_50,code=compute_50 -gencode arch=compute_52,code=compute_52 -gencode arch=compute_50,code=sm_50 -gencode arch=compute_52,code=sm_52 -link -o  "TestingCudo"  ./test1.o   
Finished building target: TestingCudo
 
11:55:44 **** Incremental Build of configuration Debug for project TestingCudo ****
Info: Configuration "Debug" uses tool-chain "CUDA Toolkit on the path" that is unsupported on this system, attempting to build anyway.
make all 
Building file: ../test1.cu
Invoking: NVCC Compiler
/usr/local/cuda-8.0/bin/nvcc -G -g -O0 -std=c++11 -gencode arch=compute_50,code=sm_50 -gencode arch=compute_52,code=sm_52  -odir "." -M -o "test1.d" "../test1.cu"
/usr/local/cuda-8.0/bin/nvcc -G -g -O0 -std=c++11 --compile --relocatable-device-code=false -gencode arch=compute_50,code=compute_50 -gencode arch=compute_52,code=compute_52 -gencode arch=compute_50,code=sm_50 -gencode arch=compute_52,code=sm_52  -x cu -o  "test1.o" "../test1.cu"
ptxas warning : Stack size for entry function '_Z7computeP4gridP4pathPS0_' cannot be statically determined
ptxas warning : Stack size for entry function '_Z7computeP4gridP4pathPS0_' cannot be statically determined
Finished building: ../test1.cu
 
Building target: TestingCudo
Invoking: NVCC Linker
/usr/local/cuda-8.0/bin/nvcc --cudart static --relocatable-device-code=false -gencode arch=compute_50,code=compute_50 -gencode arch=compute_52,code=compute_52 -gencode arch=compute_50,code=sm_50 -gencode arch=compute_52,code=sm_52 -link -o  "TestingCudo"  ./test1.o   
Finished building target: TestingCudo
 
11:59:05 **** Incremental Build of configuration Debug for project TestingCudo ****
Info: Configuration "Debug" uses tool-chain "CUDA Toolkit on the path" that is unsupported on this system, attempting to build anyway.
make all 
Building file: ../test1.cu
Invoking: NVCC Compiler
/usr/local/cuda-8.0/bin/nvcc -G -g -O0 -std=c++11 -gencode arch=compute_50,code=sm_50 -gencode arch=compute_52,code=sm_52  -odir "." -M -o "test1.d" "../test1.cu"
/usr/local/cuda-8.0/bin/nvcc -G -g -O0 -std=c++11 --compile --relocatable-device-code=false -gencode arch=compute_50,code=compute_50 -gencode arch=compute_52,code=compute_52 -gencode arch=compute_50,code=sm_50 -gencode arch=compute_52,code=sm_52  -x cu -o  "test1.o" "../test1.cu"
ptxas warning : Stack size for entry function '_Z7computeP4gridP4pathPS0_' cannot be statically determined
ptxas warning : Stack size for entry function '_Z7computeP4gridP4pathPS0_' cannot be statically determined
Finished building: ../test1.cu
 
Building target: TestingCudo
Invoking: NVCC Linker
/usr/local/cuda-8.0/bin/nvcc --cudart static --relocatable-device-code=false -gencode arch=compute_50,code=compute_50 -gencode arch=compute_52,code=compute_52 -gencode arch=compute_50,code=sm_50 -gencode arch=compute_52,code=sm_52 -link -o  "TestingCudo"  ./test1.o   
Finished building target: TestingCudo
 
13:42:42 **** Incremental Build of configuration Debug for project TestingCudo ****
Info: Configuration "Debug" uses tool-chain "CUDA Toolkit on the path" that is unsupported on this system, attempting to build anyway.
make all 
Building file: ../test1.cu
Invoking: NVCC Compiler
/usr/local/cuda-8.0/bin/nvcc -G -g -O0 -std=c++11 -gencode arch=compute_50,code=sm_50 -gencode arch=compute_52,code=sm_52  -odir "." -M -o "test1.d" "../test1.cu"
/usr/local/cuda-8.0/bin/nvcc -G -g -O0 -std=c++11 --compile --relocatable-device-code=false -gencode arch=compute_50,code=compute_50 -gencode arch=compute_52,code=compute_52 -gencode arch=compute_50,code=sm_50 -gencode arch=compute_52,code=sm_52  -x cu -o  "test1.o" "../test1.cu"
ptxas warning : Stack size for entry function '_Z7computeP4gridP4pathPS0_' cannot be statically determined
ptxas warning : Stack size for entry function '_Z7computeP4gridP4pathPS0_' cannot be statically determined
Finished building: ../test1.cu
 
Building target: TestingCudo
Invoking: NVCC Linker
/usr/local/cuda-8.0/bin/nvcc --cudart static --relocatable-device-code=false -gencode arch=compute_50,code=compute_50 -gencode arch=compute_52,code=compute_52 -gencode arch=compute_50,code=sm_50 -gencode arch=compute_52,code=sm_52 -link -o  "TestingCudo"  ./test1.o   
Finished building target: TestingCudo
 
13:43:10 **** Incremental Build of configuration Debug for project TestingCudo ****
Info: Configuration "Debug" uses tool-chain "CUDA Toolkit on the path" that is unsupported on this system, attempting to build anyway.
make all 
Building file: ../test1.cu
Invoking: NVCC Compiler
/usr/local/cuda-8.0/bin/nvcc -G -g -O0 -std=c++11 -gencode arch=compute_50,code=sm_50 -gencode arch=compute_52,code=sm_52  -odir "." -M -o "test1.d" "../test1.cu"
/usr/local/cuda-8.0/bin/nvcc -G -g -O0 -std=c++11 --compile --relocatable-device-code=false -gencode arch=compute_50,code=compute_50 -gencode arch=compute_52,code=compute_52 -gencode arch=compute_50,code=sm_50 -gencode arch=compute_52,code=sm_52  -x cu -o  "test1.o" "../test1.cu"
ptxas warning : Stack size for entry function '_Z7computeP4gridP4pathPS0_' cannot be statically determined
ptxas warning : Stack size for entry function '_Z7computeP4gridP4pathPS0_' cannot be statically determined
Finished building: ../test1.cu
 
Building target: TestingCudo
Invoking: NVCC Linker
/usr/local/cuda-8.0/bin/nvcc --cudart static --relocatable-device-code=false -gencode arch=compute_50,code=compute_50 -gencode arch=compute_52,code=compute_52 -gencode arch=compute_50,code=sm_50 -gencode arch=compute_52,code=sm_52 -link -o  "TestingCudo"  ./test1.o   
Finished building target: TestingCudo
 
13:43:43 **** Incremental Build of configuration Debug for project TestingCudo ****
Info: Configuration "Debug" uses tool-chain "CUDA Toolkit on the path" that is unsupported on this system, attempting to build anyway.
make all 
make: Nothing to be done for 'all'.
13:45:34 **** Incremental Build of configuration Debug for project TestingCudo ****
Info: Configuration "Debug" uses tool-chain "CUDA Toolkit on the path" that is unsupported on this system, attempting to build anyway.
make all 
make: Nothing to be done for 'all'.
13:46:52 **** Incremental Build of configuration Debug for project TestingCudo ****
Info: Configuration "Debug" uses tool-chain "CUDA Toolkit on the path" that is unsupported on this system, attempting to build anyway.
make all 
make: Nothing to be done for 'all'.
13:50:27 **** Incremental Build of configuration Debug for project TestingCudo ****
Info: Configuration "Debug" uses tool-chain "CUDA Toolkit on the path" that is unsupported on this system, attempting to build anyway.
make all 
make: Nothing to be done for 'all'.
13:51:36 **** Incremental Build of configuration Debug for project TestingCudo ****
Info: Configuration "Debug" uses tool-chain "CUDA Toolkit on the path" that is unsupported on this system, attempting to build anyway.
make all 
make: Nothing to be done for 'all'.
13:53:41 **** Incremental Build of configuration Debug for project TestingCudo ****
Info: Configuration "Debug" uses tool-chain "CUDA Toolkit on the path" that is unsupported on this system, attempting to build anyway.
make all 
make: Nothing to be done for 'all'.
13:56:17 **** Incremental Build of configuration Debug for project TestingCudo ****
Info: Configuration "Debug" uses tool-chain "CUDA Toolkit on the path" that is unsupported on this system, attempting to build anyway.
make all 
Building target: TestingCudo
Invoking: NVCC Linker
/usr/local/cuda-8.0/bin/nvcc --cudart static --relocatable-device-code=false -gencode arch=compute_50,code=compute_50 -gencode arch=compute_52,code=compute_52 -gencode arch=compute_50,code=sm_50 -gencode arch=compute_52,code=sm_52 -link -o  "TestingCudo"  ./test1.o   
Finished building target: TestingCudo
 
13:57:09 **** Incremental Build of configuration Debug for project TestingCudo ****
Info: Configuration "Debug" uses tool-chain "CUDA Toolkit on the path" that is unsupported on this system, attempting to build anyway.
make all 
Building file: ../test1.cu
Invoking: NVCC Compiler
/usr/local/cuda-8.0/bin/nvcc -G -g -O0 -std=c++11 -gencode arch=compute_50,code=sm_50 -gencode arch=compute_52,code=sm_52  -odir "." -M -o "test1.d" "../test1.cu"
/usr/local/cuda-8.0/bin/nvcc -G -g -O0 -std=c++11 --compile --relocatable-device-code=false -gencode arch=compute_50,code=compute_50 -gencode arch=compute_52,code=compute_52 -gencode arch=compute_50,code=sm_50 -gencode arch=compute_52,code=sm_52  -x cu -o  "test1.o" "../test1.cu"
ptxas warning : Stack size for entry function '_Z7computeP4gridP4pathPS0_' cannot be statically determined
ptxas warning : Stack size for entry function '_Z7computeP4gridP4pathPS0_' cannot be statically determined
Finished building: ../test1.cu
 
Building target: TestingCudo
Invoking: NVCC Linker
/usr/local/cuda-8.0/bin/nvcc --cudart static --relocatable-device-code=false -gencode arch=compute_50,code=compute_50 -gencode arch=compute_52,code=compute_52 -gencode arch=compute_50,code=sm_50 -gencode arch=compute_52,code=sm_52 -link -o  "TestingCudo"  ./test1.o   
Finished building target: TestingCudo
 
13:59:22 **** Incremental Build of configuration Debug for project TestingCudo ****
Info: Configuration "Debug" uses tool-chain "CUDA Toolkit on the path" that is unsupported on this system, attempting to build anyway.
make all 
Building file: ../test1.cu
Invoking: NVCC Compiler
/usr/local/cuda-8.0/bin/nvcc -G -g -O0 -std=c++11 -gencode arch=compute_50,code=sm_50 -gencode arch=compute_52,code=sm_52  -odir "." -M -o "test1.d" "../test1.cu"
/usr/local/cuda-8.0/bin/nvcc -G -g -O0 -std=c++11 --compile --relocatable-device-code=false -gencode arch=compute_50,code=compute_50 -gencode arch=compute_52,code=compute_52 -gencode arch=compute_50,code=sm_50 -gencode arch=compute_52,code=sm_52  -x cu -o  "test1.o" "../test1.cu"
ptxas warning : Stack size for entry function '_Z7computeP4gridP4pathPS0_' cannot be statically determined
ptxas warning : Stack size for entry function '_Z7computeP4gridP4pathPS0_' cannot be statically determined
Finished building: ../test1.cu
 
Building target: TestingCudo
Invoking: NVCC Linker
/usr/local/cuda-8.0/bin/nvcc --cudart static --relocatable-device-code=false -gencode arch=compute_50,code=compute_50 -gencode arch=compute_52,code=compute_52 -gencode arch=compute_50,code=sm_50 -gencode arch=compute_52,code=sm_52 -link -o  "TestingCudo"  ./test1.o   
Finished building target: TestingCudo
 
13:59:50 **** Incremental Build of configuration Debug for project TestingCudo ****
Info: Configuration "Debug" uses tool-chain "CUDA Toolkit on the path" that is unsupported on this system, attempting to build anyway.
make all 
make: Nothing to be done for 'all'.
14:00:16 **** Incremental Build of configuration Debug for project TestingCudo ****
Info: Configuration "Debug" uses tool-chain "CUDA Toolkit on the path" that is unsupported on this system, attempting to build anyway.
make all 
Building file: ../test1.cu
Invoking: NVCC Compiler
/usr/local/cuda-8.0/bin/nvcc -G -g -O0 -std=c++11 -gencode arch=compute_50,code=sm_50 -gencode arch=compute_52,code=sm_52  -odir "." -M -o "test1.d" "../test1.cu"
/usr/local/cuda-8.0/bin/nvcc -G -g -O0 -std=c++11 --compile --relocatable-device-code=false -gencode arch=compute_50,code=compute_50 -gencode arch=compute_52,code=compute_52 -gencode arch=compute_50,code=sm_50 -gencode arch=compute_52,code=sm_52  -x cu -o  "test1.o" "../test1.cu"
ptxas warning : Stack size for entry function '_Z7computeP4gridP4pathPS0_' cannot be statically determined
ptxas warning : Stack size for entry function '_Z7computeP4gridP4pathPS0_' cannot be statically determined
Finished building: ../test1.cu
 
Building target: TestingCudo
Invoking: NVCC Linker
/usr/local/cuda-8.0/bin/nvcc --cudart static --relocatable-device-code=false -gencode arch=compute_50,code=compute_50 -gencode arch=compute_52,code=compute_52 -gencode arch=compute_50,code=sm_50 -gencode arch=compute_52,code=sm_52 -link -o  "TestingCudo"  ./test1.o   
Finished building target: TestingCudo
 
14:01:47 **** Incremental Build of configuration Debug for project TestingCudo ****
Info: Configuration "Debug" uses tool-chain "CUDA Toolkit on the path" that is unsupported on this system, attempting to build anyway.
make all 
make: Nothing to be done for 'all'.
14:01:50 **** Incremental Build of configuration Debug for project TestingCudo ****
Info: Configuration "Debug" uses tool-chain "CUDA Toolkit on the path" that is unsupported on this system, attempting to build anyway.
make all 
make: Nothing to be done for 'all'.
14:04:31 **** Incremental Build of configuration Debug for project TestingCudo ****
Info: Configuration "Debug" uses tool-chain "CUDA Toolkit on the path" that is unsupported on this system, attempting to build anyway.
make all 
Building file: ../test1.cu
Invoking: NVCC Compiler
/usr/local/cuda-8.0/bin/nvcc -G -g -O0 -std=c++11 -gencode arch=compute_50,code=sm_50 -gencode arch=compute_52,code=sm_52  -odir "." -M -o "test1.d" "../test1.cu"
/usr/local/cuda-8.0/bin/nvcc -G -g -O0 -std=c++11 --compile --relocatable-device-code=false -gencode arch=compute_50,code=compute_50 -gencode arch=compute_52,code=compute_52 -gencode arch=compute_50,code=sm_50 -gencode arch=compute_52,code=sm_52  -x cu -o  "test1.o" "../test1.cu"
ptxas warning : Stack size for entry function '_Z7computeP4gridP4pathPS0_' cannot be statically determined
ptxas warning : Stack size for entry function '_Z7computeP4gridP4pathPS0_' cannot be statically determined
Finished building: ../test1.cu
 
Building target: TestingCudo
Invoking: NVCC Linker
/usr/local/cuda-8.0/bin/nvcc --cudart static --relocatable-device-code=false -gencode arch=compute_50,code=compute_50 -gencode arch=compute_52,code=compute_52 -gencode arch=compute_50,code=sm_50 -gencode arch=compute_52,code=sm_52 -link -o  "TestingCudo"  ./test1.o   
Finished building target: TestingCudo
 
14:05:08 **** Incremental Build of configuration Debug for project TestingCudo ****
Info: Configuration "Debug" uses tool-chain "CUDA Toolkit on the path" that is unsupported on this system, attempting to build anyway.
make all 
make: Nothing to be done for 'all'.
14:06:05 **** Incremental Build of configuration Debug for project TestingCudo ****
Info: Configuration "Debug" uses tool-chain "CUDA Toolkit on the path" that is unsupported on this system, attempting to build anyway.
make all 
Building file: ../test1.cu
Invoking: NVCC Compiler
/usr/local/cuda-8.0/bin/nvcc -G -g -O0 -std=c++11 -gencode arch=compute_50,code=sm_50 -gencode arch=compute_52,code=sm_52  -odir "." -M -o "test1.d" "../test1.cu"
/usr/local/cuda-8.0/bin/nvcc -G -g -O0 -std=c++11 --compile --relocatable-device-code=false -gencode arch=compute_50,code=compute_50 -gencode arch=compute_52,code=compute_52 -gencode arch=compute_50,code=sm_50 -gencode arch=compute_52,code=sm_52  -x cu -o  "test1.o" "../test1.cu"
ptxas warning : Stack size for entry function '_Z7computeP4gridP4pathPS0_' cannot be statically determined
ptxas warning : Stack size for entry function '_Z7computeP4gridP4pathPS0_' cannot be statically determined
Finished building: ../test1.cu
 
Building target: TestingCudo
Invoking: NVCC Linker
/usr/local/cuda-8.0/bin/nvcc --cudart static --relocatable-device-code=false -gencode arch=compute_50,code=compute_50 -gencode arch=compute_52,code=compute_52 -gencode arch=compute_50,code=sm_50 -gencode arch=compute_52,code=sm_52 -link -o  "TestingCudo"  ./test1.o   
Finished building target: TestingCudo
 
14:08:01 **** Incremental Build of configuration Debug for project TestingCudo ****
Info: Configuration "Debug" uses tool-chain "CUDA Toolkit on the path" that is unsupported on this system, attempting to build anyway.
make all 
Building file: ../test1.cu
Invoking: NVCC Compiler
/usr/local/cuda-8.0/bin/nvcc -G -g -O0 -std=c++11 -gencode arch=compute_50,code=sm_50 -gencode arch=compute_52,code=sm_52  -odir "." -M -o "test1.d" "../test1.cu"
/usr/local/cuda-8.0/bin/nvcc -G -g -O0 -std=c++11 --compile --relocatable-device-code=false -gencode arch=compute_50,code=compute_50 -gencode arch=compute_52,code=compute_52 -gencode arch=compute_50,code=sm_50 -gencode arch=compute_52,code=sm_52  -x cu -o  "test1.o" "../test1.cu"
ptxas warning : Stack size for entry function '_Z7computeP4gridP4pathPS0_' cannot be statically determined
ptxas warning : Stack size for entry function '_Z7computeP4gridP4pathPS0_' cannot be statically determined
Finished building: ../test1.cu
 
Building target: TestingCudo
Invoking: NVCC Linker
/usr/local/cuda-8.0/bin/nvcc --cudart static --relocatable-device-code=false -gencode arch=compute_50,code=compute_50 -gencode arch=compute_52,code=compute_52 -gencode arch=compute_50,code=sm_50 -gencode arch=compute_52,code=sm_52 -link -o  "TestingCudo"  ./test1.o   
Finished building target: TestingCudo
 
14:09:52 **** Incremental Build of configuration Debug for project TestingCudo ****
Info: Configuration "Debug" uses tool-chain "CUDA Toolkit on the path" that is unsupported on this system, attempting to build anyway.
make all 
Building file: ../test1.cu
Invoking: NVCC Compiler
/usr/local/cuda-8.0/bin/nvcc -G -g -O0 -std=c++11 -gencode arch=compute_50,code=sm_50 -gencode arch=compute_52,code=sm_52  -odir "." -M -o "test1.d" "../test1.cu"
/usr/local/cuda-8.0/bin/nvcc -G -g -O0 -std=c++11 --compile --relocatable-device-code=false -gencode arch=compute_50,code=compute_50 -gencode arch=compute_52,code=compute_52 -gencode arch=compute_50,code=sm_50 -gencode arch=compute_52,code=sm_52  -x cu -o  "test1.o" "../test1.cu"
ptxas warning : Stack size for entry function '_Z7computeP4gridP4pathPS0_' cannot be statically determined
ptxas warning : Stack size for entry function '_Z7computeP4gridP4pathPS0_' cannot be statically determined
Finished building: ../test1.cu
 
Building target: TestingCudo
Invoking: NVCC Linker
/usr/local/cuda-8.0/bin/nvcc --cudart static --relocatable-device-code=false -gencode arch=compute_50,code=compute_50 -gencode arch=compute_52,code=compute_52 -gencode arch=compute_50,code=sm_50 -gencode arch=compute_52,code=sm_52 -link -o  "TestingCudo"  ./test1.o   
Finished building target: TestingCudo
 
14:11:56 **** Incremental Build of configuration Debug for project TestingCudo ****
Info: Configuration "Debug" uses tool-chain "CUDA Toolkit on the path" that is unsupported on this system, attempting to build anyway.
make all 
make: Nothing to be done for 'all'.
14:12:50 **** Incremental Build of configuration Debug for project TestingCudo ****
Info: Configuration "Debug" uses tool-chain "CUDA Toolkit on the path" that is unsupported on this system, attempting to build anyway.
make all 
make: Nothing to be done for 'all'.
14:13:16 **** Incremental Build of configuration Debug for project TestingCudo ****
Info: Configuration "Debug" uses tool-chain "CUDA Toolkit on the path" that is unsupported on this system, attempting to build anyway.
make all 
make: Nothing to be done for 'all'.
14:16:56 **** Incremental Build of configuration Debug for project TestingCudo ****
Info: Configuration "Debug" uses tool-chain "CUDA Toolkit on the path" that is unsupported on this system, attempting to build anyway.
make all 
make: Nothing to be done for 'all'.
14:19:34 **** Incremental Build of configuration Debug for project TestingCudo ****
Info: Configuration "Debug" uses tool-chain "CUDA Toolkit on the path" that is unsupported on this system, attempting to build anyway.
make all 
Building file: ../test1.cu
Invoking: NVCC Compiler
/usr/local/cuda-8.0/bin/nvcc -G -g -O0 -std=c++11 -gencode arch=compute_50,code=sm_50 -gencode arch=compute_52,code=sm_52  -odir "." -M -o "test1.d" "../test1.cu"
/usr/local/cuda-8.0/bin/nvcc -G -g -O0 -std=c++11 --compile --relocatable-device-code=false -gencode arch=compute_50,code=compute_50 -gencode arch=compute_52,code=compute_52 -gencode arch=compute_50,code=sm_50 -gencode arch=compute_52,code=sm_52  -x cu -o  "test1.o" "../test1.cu"
ptxas warning : Stack size for entry function '_Z7computeP4gridP4pathPS0_' cannot be statically determined
ptxas warning : Stack size for entry function '_Z7computeP4gridP4pathPS0_' cannot be statically determined
Finished building: ../test1.cu
 
Building target: TestingCudo
Invoking: NVCC Linker
/usr/local/cuda-8.0/bin/nvcc --cudart static --relocatable-device-code=false -gencode arch=compute_50,code=compute_50 -gencode arch=compute_52,code=compute_52 -gencode arch=compute_50,code=sm_50 -gencode arch=compute_52,code=sm_52 -link -o  "TestingCudo"  ./test1.o   
Finished building target: TestingCudo
 
15:53:46 **** Incremental Build of configuration Debug for project TestingCudo ****
Info: Configuration "Debug" uses tool-chain "CUDA Toolkit on the path" that is unsupported on this system, attempting to build anyway.
make all 
make: Nothing to be done for 'all'.
16:07:39 **** Build of configuration Debug for project TestingCudo ****
Info: Configuration "Debug" uses tool-chain "CUDA Toolkit on the path" that is unsupported on this system, attempting to build anyway.
make all 
make: Nothing to be done for 'all'.
09:39:46 **** Incremental Build of configuration Debug for project TestingCudo ****
Info: Configuration "Debug" uses tool-chain "CUDA Toolkit on the path" that is unsupported on this system, attempting to build anyway.
make all 
Building file: ../test1.cu
Invoking: NVCC Compiler
/usr/local/cuda-8.0/bin/nvcc -G -g -O0 -std=c++11 -gencode arch=compute_50,code=sm_50 -gencode arch=compute_52,code=sm_52  -odir "." -M -o "test1.d" "../test1.cu"
/usr/local/cuda-8.0/bin/nvcc -G -g -O0 -std=c++11 --compile --relocatable-device-code=false -gencode arch=compute_50,code=compute_50 -gencode arch=compute_52,code=compute_52 -gencode arch=compute_50,code=sm_50 -gencode arch=compute_52,code=sm_52  -x cu -o  "test1.o" "../test1.cu"
ptxas warning : Stack size for entry function '_Z7computeP4gridP4pathPS0_' cannot be statically determined
ptxas warning : Stack size for entry function '_Z7computeP4gridP4pathPS0_' cannot be statically determined
Finished building: ../test1.cu
 
Building file: ../test2.cu
Invoking: NVCC Compiler
/usr/local/cuda-8.0/bin/nvcc -G -g -O0 -std=c++11 -gencode arch=compute_50,code=sm_50 -gencode arch=compute_52,code=sm_52  -odir "." -M -o "test2.d" "../test2.cu"
/usr/local/cuda-8.0/bin/nvcc -G -g -O0 -std=c++11 --compile --relocatable-device-code=false -gencode arch=compute_50,code=compute_50 -gencode arch=compute_52,code=compute_52 -gencode arch=compute_50,code=sm_50 -gencode arch=compute_52,code=sm_52  -x cu -o  "test2.o" "../test2.cu"
../test2.cu(17): warning: integer conversion resulted in a change of sign

../test2.cu(17): warning: integer conversion resulted in a change of sign

../test2.cu(17): warning: integer conversion resulted in a change of sign

Finished building: ../test2.cu
 
Building target: TestingCudo
Invoking: NVCC Linker
/usr/local/cuda-8.0/bin/nvcc --cudart static --relocatable-device-code=false -gencode arch=compute_50,code=compute_50 -gencode arch=compute_52,code=compute_52 -gencode arch=compute_50,code=sm_50 -gencode arch=compute_52,code=sm_52 -link -o  "TestingCudo"  ./test1.o ./test2.o   
./test2.o: In function `main':
/home/mmiller/cuda-workspace/TestingCudo/Debug/../test2.cu:45: multiple definition of `main'
makefile:59: recipe for target 'TestingCudo' failed
./test1.o:/home/mmiller/cuda-workspace/TestingCudo/Debug/../test1.cu:562: first defined here
collect2: error: ld returned 1 exit status
make: *** [TestingCudo] Error 1
09:40:07 **** Incremental Build of configuration Debug for project TestingCudo ****
Info: Configuration "Debug" uses tool-chain "CUDA Toolkit on the path" that is unsupported on this system, attempting to build anyway.
make all 
Building target: TestingCudo
Invoking: NVCC Linker
/usr/local/cuda-8.0/bin/nvcc --cudart static --relocatable-device-code=false -gencode arch=compute_50,code=compute_50 -gencode arch=compute_52,code=compute_52 -gencode arch=compute_50,code=sm_50 -gencode arch=compute_52,code=sm_52 -link -o  "TestingCudo"  ./test1.o ./test2.o   
./test2.o: In function `main':
/home/mmiller/cuda-workspace/TestingCudo/Debug/../test2.cu:45: multiple definition of `main'
makefile:59: recipe for target 'TestingCudo' failed
./test1.o:/home/mmiller/cuda-workspace/TestingCudo/Debug/../test1.cu:562: first defined here
collect2: error: ld returned 1 exit status
make: *** [TestingCudo] Error 1
09:40:26 **** Incremental Build of configuration Debug for project TestingCudo ****
Info: Configuration "Debug" uses tool-chain "CUDA Toolkit on the path" that is unsupported on this system, attempting to build anyway.
make all 
Building file: ../test2.cu
Invoking: NVCC Compiler
/usr/local/cuda-8.0/bin/nvcc -G -g -O0 -std=c++11 -gencode arch=compute_50,code=sm_50 -gencode arch=compute_52,code=sm_52  -odir "." -M -o "test2.d" "../test2.cu"
/usr/local/cuda-8.0/bin/nvcc -G -g -O0 -std=c++11 --compile --relocatable-device-code=false -gencode arch=compute_50,code=compute_50 -gencode arch=compute_52,code=compute_52 -gencode arch=compute_50,code=sm_50 -gencode arch=compute_52,code=sm_52  -x cu -o  "test2.o" "../test2.cu"
../test2.cu(17): warning: integer conversion resulted in a change of sign

../test2.cu(17): warning: integer conversion resulted in a change of sign

../test2.cu(17): warning: integer conversion resulted in a change of sign

Finished building: ../test2.cu
 
Building target: TestingCudo
Invoking: NVCC Linker
/usr/local/cuda-8.0/bin/nvcc --cudart static --relocatable-device-code=false -gencode arch=compute_50,code=compute_50 -gencode arch=compute_52,code=compute_52 -gencode arch=compute_50,code=sm_50 -gencode arch=compute_52,code=sm_52 -link -o  "TestingCudo"  ./test1.o ./test2.o   
Finished building target: TestingCudo
 
09:45:55 **** Incremental Build of configuration Debug for project TestingCudo ****
Info: Configuration "Debug" uses tool-chain "CUDA Toolkit on the path" that is unsupported on this system, attempting to build anyway.
make all 
Building file: ../test1.cu
Invoking: NVCC Compiler
/usr/local/cuda-8.0/bin/nvcc -G -g -O0 -std=c++11 -gencode arch=compute_50,code=sm_50 -gencode arch=compute_52,code=sm_52  -odir "." -M -o "test1.d" "../test1.cu"
/usr/local/cuda-8.0/bin/nvcc -G -g -O0 -std=c++11 --compile --relocatable-device-code=false -gencode arch=compute_50,code=compute_50 -gencode arch=compute_52,code=compute_52 -gencode arch=compute_50,code=sm_50 -gencode arch=compute_52,code=sm_52  -x cu -o  "test1.o" "../test1.cu"
../test1.cu(359): error: operand types are incompatible ("int *" and "int")

1 error detected in the compilation of "/tmp/tmpxft_00001117_00000000-9_test1.compute_52.cpp1.ii".
make: *** [test1.o] Error 2
subdir.mk:21: recipe for target 'test1.o' failed
09:46:17 **** Incremental Build of configuration Debug for project TestingCudo ****
Info: Configuration "Debug" uses tool-chain "CUDA Toolkit on the path" that is unsupported on this system, attempting to build anyway.
make all 
Building file: ../test1.cu
Invoking: NVCC Compiler
/usr/local/cuda-8.0/bin/nvcc -G -g -O0 -std=c++11 -gencode arch=compute_50,code=sm_50 -gencode arch=compute_52,code=sm_52  -odir "." -M -o "test1.d" "../test1.cu"
/usr/local/cuda-8.0/bin/nvcc -G -g -O0 -std=c++11 --compile --relocatable-device-code=false -gencode arch=compute_50,code=compute_50 -gencode arch=compute_52,code=compute_52 -gencode arch=compute_50,code=sm_50 -gencode arch=compute_52,code=sm_52  -x cu -o  "test1.o" "../test1.cu"
../test1.cu(359): warning: conversion from pointer to smaller integer

../test1.cu(359): warning: conversion from pointer to smaller integer

../test1.cu(359): warning: conversion from pointer to smaller integer

ptxas warning : Stack size for entry function '_Z7computeP4gridP4pathPS0_' cannot be statically determined
ptxas warning : Stack size for entry function '_Z7computeP4gridP4pathPS0_' cannot be statically determined
../test1.cu: In function ‘void printPath(path*)’:
../test1.cu:359:22: error: cast from ‘int*’ to ‘int’ loses precision [-fpermissive]
     if(((int)p->letters) < 30)
                      ^
subdir.mk:21: recipe for target 'test1.o' failed
make: *** [test1.o] Error 1
09:46:47 **** Incremental Build of configuration Debug for project TestingCudo ****
Info: Configuration "Debug" uses tool-chain "CUDA Toolkit on the path" that is unsupported on this system, attempting to build anyway.
make all 
Building file: ../test1.cu
Invoking: NVCC Compiler
/usr/local/cuda-8.0/bin/nvcc -G -g -O0 -std=c++11 -gencode arch=compute_50,code=sm_50 -gencode arch=compute_52,code=sm_52  -odir "." -M -o "test1.d" "../test1.cu"
/usr/local/cuda-8.0/bin/nvcc -G -g -O0 -std=c++11 --compile --relocatable-device-code=false -gencode arch=compute_50,code=compute_50 -gencode arch=compute_52,code=compute_52 -gencode arch=compute_50,code=sm_50 -gencode arch=compute_52,code=sm_52  -x cu -o  "test1.o" "../test1.cu"
../test1.cu(359): warning: conversion from pointer to smaller integer

../test1.cu(359): error: expected a ";"

1 error detected in the compilation of "/tmp/tmpxft_000011f6_00000000-9_test1.compute_52.cpp1.ii".
subdir.mk:21: recipe for target 'test1.o' failed
make: *** [test1.o] Error 2
09:46:56 **** Incremental Build of configuration Debug for project TestingCudo ****
Info: Configuration "Debug" uses tool-chain "CUDA Toolkit on the path" that is unsupported on this system, attempting to build anyway.
make all 
Building file: ../test1.cu
Invoking: NVCC Compiler
/usr/local/cuda-8.0/bin/nvcc -G -g -O0 -std=c++11 -gencode arch=compute_50,code=sm_50 -gencode arch=compute_52,code=sm_52  -odir "." -M -o "test1.d" "../test1.cu"
/usr/local/cuda-8.0/bin/nvcc -G -g -O0 -std=c++11 --compile --relocatable-device-code=false -gencode arch=compute_50,code=compute_50 -gencode arch=compute_52,code=compute_52 -gencode arch=compute_50,code=sm_50 -gencode arch=compute_52,code=sm_52  -x cu -o  "test1.o" "../test1.cu"
../test1.cu(359): error: expected a ";"

1 error detected in the compilation of "/tmp/tmpxft_0000124b_00000000-9_test1.compute_52.cpp1.ii".
make: *** [test1.o] Error 2
subdir.mk:21: recipe for target 'test1.o' failed
09:47:05 **** Incremental Build of configuration Debug for project TestingCudo ****
Info: Configuration "Debug" uses tool-chain "CUDA Toolkit on the path" that is unsupported on this system, attempting to build anyway.
make all 
Building file: ../test1.cu
Invoking: NVCC Compiler
/usr/local/cuda-8.0/bin/nvcc -G -g -O0 -std=c++11 -gencode arch=compute_50,code=sm_50 -gencode arch=compute_52,code=sm_52  -odir "." -M -o "test1.d" "../test1.cu"
/usr/local/cuda-8.0/bin/nvcc -G -g -O0 -std=c++11 --compile --relocatable-device-code=false -gencode arch=compute_50,code=compute_50 -gencode arch=compute_52,code=compute_52 -gencode arch=compute_50,code=sm_50 -gencode arch=compute_52,code=sm_52  -x cu -o  "test1.o" "../test1.cu"
ptxas warning : Stack size for entry function '_Z7computeP4gridP4pathPS0_' cannot be statically determined
ptxas warning : Stack size for entry function '_Z7computeP4gridP4pathPS0_' cannot be statically determined
Finished building: ../test1.cu
 
Building target: TestingCudo
Invoking: NVCC Linker
/usr/local/cuda-8.0/bin/nvcc --cudart static --relocatable-device-code=false -gencode arch=compute_50,code=compute_50 -gencode arch=compute_52,code=compute_52 -gencode arch=compute_50,code=sm_50 -gencode arch=compute_52,code=sm_52 -link -o  "TestingCudo"  ./test1.o ./test2.o   
Finished building target: TestingCudo
 
09:47:56 **** Incremental Build of configuration Debug for project TestingCudo ****
Info: Configuration "Debug" uses tool-chain "CUDA Toolkit on the path" that is unsupported on this system, attempting to build anyway.
make all 
Building file: ../test1.cu
Invoking: NVCC Compiler
/usr/local/cuda-8.0/bin/nvcc -G -g -O0 -std=c++11 -gencode arch=compute_50,code=sm_50 -gencode arch=compute_52,code=sm_52  -odir "." -M -o "test1.d" "../test1.cu"
/usr/local/cuda-8.0/bin/nvcc -G -g -O0 -std=c++11 --compile --relocatable-device-code=false -gencode arch=compute_50,code=compute_50 -gencode arch=compute_52,code=compute_52 -gencode arch=compute_50,code=sm_50 -gencode arch=compute_52,code=sm_52  -x cu -o  "test1.o" "../test1.cu"
ptxas warning : Stack size for entry function '_Z7computeP4gridP4pathPS0_' cannot be statically determined
ptxas warning : Stack size for entry function '_Z7computeP4gridP4pathPS0_' cannot be statically determined
Finished building: ../test1.cu
 
Building target: TestingCudo
Invoking: NVCC Linker
/usr/local/cuda-8.0/bin/nvcc --cudart static --relocatable-device-code=false -gencode arch=compute_50,code=compute_50 -gencode arch=compute_52,code=compute_52 -gencode arch=compute_50,code=sm_50 -gencode arch=compute_52,code=sm_52 -link -o  "TestingCudo"  ./test1.o ./test2.o   
Finished building target: TestingCudo
 
09:50:57 **** Incremental Build of configuration Debug for project TestingCudo ****
Info: Configuration "Debug" uses tool-chain "CUDA Toolkit on the path" that is unsupported on this system, attempting to build anyway.
make all 
Building file: ../test1.cu
Invoking: NVCC Compiler
/usr/local/cuda-8.0/bin/nvcc -G -g -O0 -std=c++11 -gencode arch=compute_50,code=sm_50 -gencode arch=compute_52,code=sm_52  -odir "." -M -o "test1.d" "../test1.cu"
/usr/local/cuda-8.0/bin/nvcc -G -g -O0 -std=c++11 --compile --relocatable-device-code=false -gencode arch=compute_50,code=compute_50 -gencode arch=compute_52,code=compute_52 -gencode arch=compute_50,code=sm_50 -gencode arch=compute_52,code=sm_52  -x cu -o  "test1.o" "../test1.cu"
ptxas warning : Stack size for entry function '_Z7computeP4gridP4pathPS0_' cannot be statically determined
ptxas warning : Stack size for entry function '_Z7computeP4gridP4pathPS0_' cannot be statically determined
Finished building: ../test1.cu
 
Building target: TestingCudo
Invoking: NVCC Linker
/usr/local/cuda-8.0/bin/nvcc --cudart static --relocatable-device-code=false -gencode arch=compute_50,code=compute_50 -gencode arch=compute_52,code=compute_52 -gencode arch=compute_50,code=sm_50 -gencode arch=compute_52,code=sm_52 -link -o  "TestingCudo"  ./test1.o ./test2.o   
Finished building target: TestingCudo
 
10:08:05 **** Incremental Build of configuration Debug for project TestingCudo ****
Info: Configuration "Debug" uses tool-chain "CUDA Toolkit on the path" that is unsupported on this system, attempting to build anyway.
make all 
Building file: ../test1.cu
Invoking: NVCC Compiler
/usr/local/cuda-8.0/bin/nvcc -G -g -O0 -std=c++11 -gencode arch=compute_50,code=sm_50 -gencode arch=compute_52,code=sm_52  -odir "." -M -o "test1.d" "../test1.cu"
/usr/local/cuda-8.0/bin/nvcc -G -g -O0 -std=c++11 --compile --relocatable-device-code=false -gencode arch=compute_50,code=compute_50 -gencode arch=compute_52,code=compute_52 -gencode arch=compute_50,code=sm_50 -gencode arch=compute_52,code=sm_52  -x cu -o  "test1.o" "../test1.cu"
ptxas warning : Stack size for entry function '_Z7computeP4gridP4pathPS0_' cannot be statically determined
ptxas warning : Stack size for entry function '_Z7computeP4gridP4pathPS0_' cannot be statically determined
Finished building: ../test1.cu
 
Building target: TestingCudo
Invoking: NVCC Linker
/usr/local/cuda-8.0/bin/nvcc --cudart static --relocatable-device-code=false -gencode arch=compute_50,code=compute_50 -gencode arch=compute_52,code=compute_52 -gencode arch=compute_50,code=sm_50 -gencode arch=compute_52,code=sm_52 -link -o  "TestingCudo"  ./test1.o ./test2.o   
Finished building target: TestingCudo
 
10:09:34 **** Incremental Build of configuration Debug for project TestingCudo ****
Info: Configuration "Debug" uses tool-chain "CUDA Toolkit on the path" that is unsupported on this system, attempting to build anyway.
make all 
Building file: ../test1.cu
Invoking: NVCC Compiler
/usr/local/cuda-8.0/bin/nvcc -G -g -O0 -std=c++11 -gencode arch=compute_50,code=sm_50 -gencode arch=compute_52,code=sm_52  -odir "." -M -o "test1.d" "../test1.cu"
/usr/local/cuda-8.0/bin/nvcc -G -g -O0 -std=c++11 --compile --relocatable-device-code=false -gencode arch=compute_50,code=compute_50 -gencode arch=compute_52,code=compute_52 -gencode arch=compute_50,code=sm_50 -gencode arch=compute_52,code=sm_52  -x cu -o  "test1.o" "../test1.cu"
../test1.cu(489): warning: variable "array" was declared but never referenced

../test1.cu(490): warning: variable "cells" was declared but never referenced

../test1.cu(489): warning: variable "array" was declared but never referenced

../test1.cu(490): warning: variable "cells" was declared but never referenced

../test1.cu(489): warning: variable "array" was declared but never referenced

../test1.cu(490): warning: variable "cells" was declared but never referenced

ptxas warning : Stack size for entry function '_Z7computeP4gridP4pathPS0_' cannot be statically determined
ptxas warning : Stack size for entry function '_Z7computeP4gridP4pathPS0_' cannot be statically determined
Finished building: ../test1.cu
 
Building target: TestingCudo
Invoking: NVCC Linker
/usr/local/cuda-8.0/bin/nvcc --cudart static --relocatable-device-code=false -gencode arch=compute_50,code=compute_50 -gencode arch=compute_52,code=compute_52 -gencode arch=compute_50,code=sm_50 -gencode arch=compute_52,code=sm_52 -link -o  "TestingCudo"  ./test1.o ./test2.o   
Finished building target: TestingCudo
 
10:11:21 **** Incremental Build of configuration Debug for project TestingCudo ****
Info: Configuration "Debug" uses tool-chain "CUDA Toolkit on the path" that is unsupported on this system, attempting to build anyway.
make all 
Building file: ../test1.cu
Invoking: NVCC Compiler
/usr/local/cuda-8.0/bin/nvcc -G -g -O0 -std=c++11 -gencode arch=compute_50,code=sm_50 -gencode arch=compute_52,code=sm_52  -odir "." -M -o "test1.d" "../test1.cu"
/usr/local/cuda-8.0/bin/nvcc -G -g -O0 -std=c++11 --compile --relocatable-device-code=false -gencode arch=compute_50,code=compute_50 -gencode arch=compute_52,code=compute_52 -gencode arch=compute_50,code=sm_50 -gencode arch=compute_52,code=sm_52  -x cu -o  "test1.o" "../test1.cu"
../test1.cu(489): warning: variable "array" was declared but never referenced

../test1.cu(490): warning: variable "cells" was declared but never referenced

../test1.cu(489): warning: variable "array" was declared but never referenced

../test1.cu(490): warning: variable "cells" was declared but never referenced

../test1.cu(489): warning: variable "array" was declared but never referenced

../test1.cu(490): warning: variable "cells" was declared but never referenced

ptxas warning : Stack size for entry function '_Z7computeP4gridP4pathPS0_' cannot be statically determined
ptxas warning : Stack size for entry function '_Z7computeP4gridP4pathPS0_' cannot be statically determined
Finished building: ../test1.cu
 
Building target: TestingCudo
Invoking: NVCC Linker
/usr/local/cuda-8.0/bin/nvcc --cudart static --relocatable-device-code=false -gencode arch=compute_50,code=compute_50 -gencode arch=compute_52,code=compute_52 -gencode arch=compute_50,code=sm_50 -gencode arch=compute_52,code=sm_52 -link -o  "TestingCudo"  ./test1.o ./test2.o   
Finished building target: TestingCudo
 
10:26:45 **** Incremental Build of configuration Debug for project TestingCudo ****
Info: Configuration "Debug" uses tool-chain "CUDA Toolkit on the path" that is unsupported on this system, attempting to build anyway.
make all 
Building file: ../test1.cu
Invoking: NVCC Compiler
/usr/local/cuda-8.0/bin/nvcc -G -g -O0 -std=c++11 -gencode arch=compute_50,code=sm_50 -gencode arch=compute_52,code=sm_52  -odir "." -M -o "test1.d" "../test1.cu"
/usr/local/cuda-8.0/bin/nvcc -G -g -O0 -std=c++11 --compile --relocatable-device-code=false -gencode arch=compute_50,code=compute_50 -gencode arch=compute_52,code=compute_52 -gencode arch=compute_50,code=sm_50 -gencode arch=compute_52,code=sm_52  -x cu -o  "test1.o" "../test1.cu"
../test1.cu(492): warning: variable "array" was declared but never referenced

../test1.cu(493): warning: variable "cells" was declared but never referenced

../test1.cu(492): warning: variable "array" was declared but never referenced

../test1.cu(493): warning: variable "cells" was declared but never referenced

../test1.cu(492): warning: variable "array" was declared but never referenced

../test1.cu(493): warning: variable "cells" was declared but never referenced

ptxas warning : Stack size for entry function '_Z7computeP4gridP4pathPS0_' cannot be statically determined
ptxas warning : Stack size for entry function '_Z7computeP4gridP4pathPS0_' cannot be statically determined
Finished building: ../test1.cu
 
Building target: TestingCudo
Invoking: NVCC Linker
/usr/local/cuda-8.0/bin/nvcc --cudart static --relocatable-device-code=false -gencode arch=compute_50,code=compute_50 -gencode arch=compute_52,code=compute_52 -gencode arch=compute_50,code=sm_50 -gencode arch=compute_52,code=sm_52 -link -o  "TestingCudo"  ./test1.o ./test2.o   
Finished building target: TestingCudo
 
10:27:34 **** Incremental Build of configuration Debug for project TestingCudo ****
Info: Configuration "Debug" uses tool-chain "CUDA Toolkit on the path" that is unsupported on this system, attempting to build anyway.
make all 
Building file: ../test1.cu
Invoking: NVCC Compiler
/usr/local/cuda-8.0/bin/nvcc -G -g -O0 -std=c++11 -gencode arch=compute_50,code=sm_50 -gencode arch=compute_52,code=sm_52  -odir "." -M -o "test1.d" "../test1.cu"
/usr/local/cuda-8.0/bin/nvcc -G -g -O0 -std=c++11 --compile --relocatable-device-code=false -gencode arch=compute_50,code=compute_50 -gencode arch=compute_52,code=compute_52 -gencode arch=compute_50,code=sm_50 -gencode arch=compute_52,code=sm_52  -x cu -o  "test1.o" "../test1.cu"
../test1.cu(492): warning: variable "array" was declared but never referenced

../test1.cu(493): warning: variable "cells" was declared but never referenced

../test1.cu(492): warning: variable "array" was declared but never referenced

../test1.cu(493): warning: variable "cells" was declared but never referenced

../test1.cu(492): warning: variable "array" was declared but never referenced

../test1.cu(493): warning: variable "cells" was declared but never referenced

ptxas warning : Stack size for entry function '_Z7computeP4gridP4pathPS0_' cannot be statically determined
ptxas warning : Stack size for entry function '_Z7computeP4gridP4pathPS0_' cannot be statically determined
Finished building: ../test1.cu
 
Building target: TestingCudo
Invoking: NVCC Linker
/usr/local/cuda-8.0/bin/nvcc --cudart static --relocatable-device-code=false -gencode arch=compute_50,code=compute_50 -gencode arch=compute_52,code=compute_52 -gencode arch=compute_50,code=sm_50 -gencode arch=compute_52,code=sm_52 -link -o  "TestingCudo"  ./test1.o ./test2.o   
Finished building target: TestingCudo
 
10:28:20 **** Incremental Build of configuration Debug for project TestingCudo ****
Info: Configuration "Debug" uses tool-chain "CUDA Toolkit on the path" that is unsupported on this system, attempting to build anyway.
make all 
Building file: ../test1.cu
Invoking: NVCC Compiler
/usr/local/cuda-8.0/bin/nvcc -G -g -O0 -std=c++11 -gencode arch=compute_50,code=sm_50 -gencode arch=compute_52,code=sm_52  -odir "." -M -o "test1.d" "../test1.cu"
/usr/local/cuda-8.0/bin/nvcc -G -g -O0 -std=c++11 --compile --relocatable-device-code=false -gencode arch=compute_50,code=compute_50 -gencode arch=compute_52,code=compute_52 -gencode arch=compute_50,code=sm_50 -gencode arch=compute_52,code=sm_52  -x cu -o  "test1.o" "../test1.cu"
../test1.cu(493): warning: variable "array" was declared but never referenced

../test1.cu(494): warning: variable "cells" was declared but never referenced

../test1.cu(493): warning: variable "array" was declared but never referenced

../test1.cu(494): warning: variable "cells" was declared but never referenced

../test1.cu(493): warning: variable "array" was declared but never referenced

../test1.cu(494): warning: variable "cells" was declared but never referenced

ptxas warning : Stack size for entry function '_Z7computeP4gridP4pathPS0_' cannot be statically determined
ptxas warning : Stack size for entry function '_Z7computeP4gridP4pathPS0_' cannot be statically determined
Finished building: ../test1.cu
 
Building target: TestingCudo
Invoking: NVCC Linker
/usr/local/cuda-8.0/bin/nvcc --cudart static --relocatable-device-code=false -gencode arch=compute_50,code=compute_50 -gencode arch=compute_52,code=compute_52 -gencode arch=compute_50,code=sm_50 -gencode arch=compute_52,code=sm_52 -link -o  "TestingCudo"  ./test1.o ./test2.o   
Finished building target: TestingCudo
 
10:29:58 **** Incremental Build of configuration Debug for project TestingCudo ****
Info: Configuration "Debug" uses tool-chain "CUDA Toolkit on the path" that is unsupported on this system, attempting to build anyway.
make all 
make: Nothing to be done for 'all'.
10:33:33 **** Incremental Build of configuration Debug for project TestingCudo ****
Info: Configuration "Debug" uses tool-chain "CUDA Toolkit on the path" that is unsupported on this system, attempting to build anyway.
make all 
Building file: ../test1.cu
Invoking: NVCC Compiler
/usr/local/cuda-8.0/bin/nvcc -G -g -O0 -std=c++11 -gencode arch=compute_50,code=sm_50 -gencode arch=compute_52,code=sm_52  -odir "." -M -o "test1.d" "../test1.cu"
/usr/local/cuda-8.0/bin/nvcc -G -g -O0 -std=c++11 --compile --relocatable-device-code=false -gencode arch=compute_50,code=compute_50 -gencode arch=compute_52,code=compute_52 -gencode arch=compute_50,code=sm_50 -gencode arch=compute_52,code=sm_52  -x cu -o  "test1.o" "../test1.cu"
../test1.cu(493): warning: variable "array" was declared but never referenced

../test1.cu(494): warning: variable "cells" was declared but never referenced

../test1.cu(493): warning: variable "array" was declared but never referenced

../test1.cu(494): warning: variable "cells" was declared but never referenced

../test1.cu(493): warning: variable "array" was declared but never referenced

../test1.cu(494): warning: variable "cells" was declared but never referenced

ptxas warning : Stack size for entry function '_Z7computeP4gridP4pathPS0_' cannot be statically determined
ptxas warning : Stack size for entry function '_Z7computeP4gridP4pathPS0_' cannot be statically determined
Finished building: ../test1.cu
 
Building target: TestingCudo
Invoking: NVCC Linker
/usr/local/cuda-8.0/bin/nvcc --cudart static --relocatable-device-code=false -gencode arch=compute_50,code=compute_50 -gencode arch=compute_52,code=compute_52 -gencode arch=compute_50,code=sm_50 -gencode arch=compute_52,code=sm_52 -link -o  "TestingCudo"  ./test1.o ./test2.o   
Finished building target: TestingCudo
 
10:33:46 **** Incremental Build of configuration Debug for project TestingCudo ****
Info: Configuration "Debug" uses tool-chain "CUDA Toolkit on the path" that is unsupported on this system, attempting to build anyway.
make all 
make: Nothing to be done for 'all'.
10:34:36 **** Incremental Build of configuration Debug for project TestingCudo ****
Info: Configuration "Debug" uses tool-chain "CUDA Toolkit on the path" that is unsupported on this system, attempting to build anyway.
make all 
make: Nothing to be done for 'all'.
10:43:51 **** Incremental Build of configuration Debug for project TestingCudo ****
Info: Configuration "Debug" uses tool-chain "CUDA Toolkit on the path" that is unsupported on this system, attempting to build anyway.
make all 
Building file: ../test1.cu
Invoking: NVCC Compiler
/usr/local/cuda-8.0/bin/nvcc -G -g -O0 -std=c++11 -gencode arch=compute_50,code=sm_50 -gencode arch=compute_52,code=sm_52  -odir "." -M -o "test1.d" "../test1.cu"
/usr/local/cuda-8.0/bin/nvcc -G -g -O0 -std=c++11 --compile --relocatable-device-code=false -gencode arch=compute_50,code=compute_50 -gencode arch=compute_52,code=compute_52 -gencode arch=compute_50,code=sm_50 -gencode arch=compute_52,code=sm_52  -x cu -o  "test1.o" "../test1.cu"
../test1.cu(500): warning: variable "array" was declared but never referenced

../test1.cu(501): warning: variable "cells" was declared but never referenced

../test1.cu(500): warning: variable "array" was declared but never referenced

../test1.cu(501): warning: variable "cells" was declared but never referenced

../test1.cu(500): warning: variable "array" was declared but never referenced

../test1.cu(501): warning: variable "cells" was declared but never referenced

ptxas warning : Stack size for entry function '_Z7computeP4gridP4pathPS0_' cannot be statically determined
ptxas warning : Stack size for entry function '_Z7computeP4gridP4pathPS0_' cannot be statically determined
Finished building: ../test1.cu
 
Building target: TestingCudo
Invoking: NVCC Linker
/usr/local/cuda-8.0/bin/nvcc --cudart static --relocatable-device-code=false -gencode arch=compute_50,code=compute_50 -gencode arch=compute_52,code=compute_52 -gencode arch=compute_50,code=sm_50 -gencode arch=compute_52,code=sm_52 -link -o  "TestingCudo"  ./test1.o ./test2.o   
Finished building target: TestingCudo
 
10:46:14 **** Incremental Build of configuration Debug for project TestingCudo ****
Info: Configuration "Debug" uses tool-chain "CUDA Toolkit on the path" that is unsupported on this system, attempting to build anyway.
make all 
Building file: ../test1.cu
Invoking: NVCC Compiler
/usr/local/cuda-8.0/bin/nvcc -G -g -O0 -std=c++11 -gencode arch=compute_50,code=sm_50 -gencode arch=compute_52,code=sm_52  -odir "." -M -o "test1.d" "../test1.cu"
/usr/local/cuda-8.0/bin/nvcc -G -g -O0 -std=c++11 --compile --relocatable-device-code=false -gencode arch=compute_50,code=compute_50 -gencode arch=compute_52,code=compute_52 -gencode arch=compute_50,code=sm_50 -gencode arch=compute_52,code=sm_52  -x cu -o  "test1.o" "../test1.cu"
../test1.cu(500): warning: variable "array" was declared but never referenced

../test1.cu(501): warning: variable "cells" was declared but never referenced

../test1.cu(500): warning: variable "array" was declared but never referenced

../test1.cu(501): warning: variable "cells" was declared but never referenced

../test1.cu(500): warning: variable "array" was declared but never referenced

../test1.cu(501): warning: variable "cells" was declared but never referenced

ptxas warning : Stack size for entry function '_Z7computeP4gridP4pathPS0_' cannot be statically determined
ptxas warning : Stack size for entry function '_Z7computeP4gridP4pathPS0_' cannot be statically determined
Finished building: ../test1.cu
 
Building target: TestingCudo
Invoking: NVCC Linker
/usr/local/cuda-8.0/bin/nvcc --cudart static --relocatable-device-code=false -gencode arch=compute_50,code=compute_50 -gencode arch=compute_52,code=compute_52 -gencode arch=compute_50,code=sm_50 -gencode arch=compute_52,code=sm_52 -link -o  "TestingCudo"  ./test1.o ./test2.o   
Finished building target: TestingCudo
 
10:51:19 **** Incremental Build of configuration Debug for project TestingCudo ****
Info: Configuration "Debug" uses tool-chain "CUDA Toolkit on the path" that is unsupported on this system, attempting to build anyway.
make all 
Building file: ../test1.cu
Invoking: NVCC Compiler
/usr/local/cuda-8.0/bin/nvcc -G -g -O0 -std=c++11 -gencode arch=compute_50,code=sm_50 -gencode arch=compute_52,code=sm_52  -odir "." -M -o "test1.d" "../test1.cu"
/usr/local/cuda-8.0/bin/nvcc -G -g -O0 -std=c++11 --compile --relocatable-device-code=false -gencode arch=compute_50,code=compute_50 -gencode arch=compute_52,code=compute_52 -gencode arch=compute_50,code=sm_50 -gencode arch=compute_52,code=sm_52  -x cu -o  "test1.o" "../test1.cu"
../test1.cu(500): warning: variable "array" was declared but never referenced

../test1.cu(501): warning: variable "cells" was declared but never referenced

../test1.cu(500): warning: variable "array" was declared but never referenced

../test1.cu(501): warning: variable "cells" was declared but never referenced

../test1.cu(500): warning: variable "array" was declared but never referenced

../test1.cu(501): warning: variable "cells" was declared but never referenced

ptxas warning : Stack size for entry function '_Z7computeP4gridP4pathPS0_' cannot be statically determined
ptxas warning : Stack size for entry function '_Z7computeP4gridP4pathPS0_' cannot be statically determined
Finished building: ../test1.cu
 
Building target: TestingCudo
Invoking: NVCC Linker
/usr/local/cuda-8.0/bin/nvcc --cudart static --relocatable-device-code=false -gencode arch=compute_50,code=compute_50 -gencode arch=compute_52,code=compute_52 -gencode arch=compute_50,code=sm_50 -gencode arch=compute_52,code=sm_52 -link -o  "TestingCudo"  ./test1.o ./test2.o   
Finished building target: TestingCudo
 
10:52:19 **** Incremental Build of configuration Debug for project TestingCudo ****
Info: Configuration "Debug" uses tool-chain "CUDA Toolkit on the path" that is unsupported on this system, attempting to build anyway.
make all 
make: Nothing to be done for 'all'.
10:58:36 **** Incremental Build of configuration Debug for project TestingCudo ****
Info: Configuration "Debug" uses tool-chain "CUDA Toolkit on the path" that is unsupported on this system, attempting to build anyway.
make all 
Building file: ../test1.cu
Invoking: NVCC Compiler
/usr/local/cuda-8.0/bin/nvcc -G -g -O0 -std=c++11 -gencode arch=compute_50,code=sm_50 -gencode arch=compute_52,code=sm_52  -odir "." -M -o "test1.d" "../test1.cu"
/usr/local/cuda-8.0/bin/nvcc -G -g -O0 -std=c++11 --compile --relocatable-device-code=false -gencode arch=compute_50,code=compute_50 -gencode arch=compute_52,code=compute_52 -gencode arch=compute_50,code=sm_50 -gencode arch=compute_52,code=sm_52  -x cu -o  "test1.o" "../test1.cu"
../test1.cu(502): warning: variable "array" was declared but never referenced

../test1.cu(503): warning: variable "cells" was declared but never referenced

../test1.cu(502): warning: variable "array" was declared but never referenced

../test1.cu(503): warning: variable "cells" was declared but never referenced

../test1.cu(502): warning: variable "array" was declared but never referenced

../test1.cu(503): warning: variable "cells" was declared but never referenced

ptxas warning : Stack size for entry function '_Z7computeP4gridP4pathPS0_' cannot be statically determined
ptxas warning : Stack size for entry function '_Z7computeP4gridP4pathPS0_' cannot be statically determined
Finished building: ../test1.cu
 
Building target: TestingCudo
Invoking: NVCC Linker
/usr/local/cuda-8.0/bin/nvcc --cudart static --relocatable-device-code=false -gencode arch=compute_50,code=compute_50 -gencode arch=compute_52,code=compute_52 -gencode arch=compute_50,code=sm_50 -gencode arch=compute_52,code=sm_52 -link -o  "TestingCudo"  ./test1.o ./test2.o   
Finished building target: TestingCudo
 
11:01:17 **** Incremental Build of configuration Debug for project TestingCudo ****
Info: Configuration "Debug" uses tool-chain "CUDA Toolkit on the path" that is unsupported on this system, attempting to build anyway.
make all 
Building file: ../test1.cu
Invoking: NVCC Compiler
/usr/local/cuda-8.0/bin/nvcc -G -g -O0 -std=c++11 -gencode arch=compute_50,code=sm_50 -gencode arch=compute_52,code=sm_52  -odir "." -M -o "test1.d" "../test1.cu"
/usr/local/cuda-8.0/bin/nvcc -G -g -O0 -std=c++11 --compile --relocatable-device-code=false -gencode arch=compute_50,code=compute_50 -gencode arch=compute_52,code=compute_52 -gencode arch=compute_50,code=sm_50 -gencode arch=compute_52,code=sm_52  -x cu -o  "test1.o" "../test1.cu"
../test1.cu(508): warning: variable "array" was declared but never referenced

../test1.cu(509): warning: variable "cells" was declared but never referenced

../test1.cu(508): warning: variable "array" was declared but never referenced

../test1.cu(509): warning: variable "cells" was declared but never referenced

../test1.cu(508): warning: variable "array" was declared but never referenced

../test1.cu(509): warning: variable "cells" was declared but never referenced

ptxas warning : Stack size for entry function '_Z7computeP4gridP4pathPS0_' cannot be statically determined
ptxas warning : Stack size for entry function '_Z7computeP4gridP4pathPS0_' cannot be statically determined
Finished building: ../test1.cu
 
Building target: TestingCudo
Invoking: NVCC Linker
/usr/local/cuda-8.0/bin/nvcc --cudart static --relocatable-device-code=false -gencode arch=compute_50,code=compute_50 -gencode arch=compute_52,code=compute_52 -gencode arch=compute_50,code=sm_50 -gencode arch=compute_52,code=sm_52 -link -o  "TestingCudo"  ./test1.o ./test2.o   
Finished building target: TestingCudo
 
11:03:13 **** Incremental Build of configuration Debug for project TestingCudo ****
Info: Configuration "Debug" uses tool-chain "CUDA Toolkit on the path" that is unsupported on this system, attempting to build anyway.
make all 
Building file: ../test1.cu
Invoking: NVCC Compiler
/usr/local/cuda-8.0/bin/nvcc -G -g -O0 -std=c++11 -gencode arch=compute_50,code=sm_50 -gencode arch=compute_52,code=sm_52  -odir "." -M -o "test1.d" "../test1.cu"
/usr/local/cuda-8.0/bin/nvcc -G -g -O0 -std=c++11 --compile --relocatable-device-code=false -gencode arch=compute_50,code=compute_50 -gencode arch=compute_52,code=compute_52 -gencode arch=compute_50,code=sm_50 -gencode arch=compute_52,code=sm_52  -x cu -o  "test1.o" "../test1.cu"
../test1.cu(503): warning: variable "array" was declared but never referenced

../test1.cu(504): warning: variable "cells" was declared but never referenced

../test1.cu(503): warning: variable "array" was declared but never referenced

../test1.cu(504): warning: variable "cells" was declared but never referenced

../test1.cu(503): warning: variable "array" was declared but never referenced

../test1.cu(504): warning: variable "cells" was declared but never referenced

ptxas warning : Stack size for entry function '_Z7computeP4gridP4pathPS0_' cannot be statically determined
ptxas warning : Stack size for entry function '_Z7computeP4gridP4pathPS0_' cannot be statically determined
Finished building: ../test1.cu
 
Building target: TestingCudo
Invoking: NVCC Linker
/usr/local/cuda-8.0/bin/nvcc --cudart static --relocatable-device-code=false -gencode arch=compute_50,code=compute_50 -gencode arch=compute_52,code=compute_52 -gencode arch=compute_50,code=sm_50 -gencode arch=compute_52,code=sm_52 -link -o  "TestingCudo"  ./test1.o ./test2.o   
Finished building target: TestingCudo
 
11:03:47 **** Incremental Build of configuration Debug for project TestingCudo ****
Info: Configuration "Debug" uses tool-chain "CUDA Toolkit on the path" that is unsupported on this system, attempting to build anyway.
make all 
make: Nothing to be done for 'all'.
11:04:12 **** Incremental Build of configuration Debug for project TestingCudo ****
Info: Configuration "Debug" uses tool-chain "CUDA Toolkit on the path" that is unsupported on this system, attempting to build anyway.
make all 
make: Nothing to be done for 'all'.
11:05:30 **** Incremental Build of configuration Debug for project TestingCudo ****
Info: Configuration "Debug" uses tool-chain "CUDA Toolkit on the path" that is unsupported on this system, attempting to build anyway.
make all 
make: Nothing to be done for 'all'.
11:09:55 **** Incremental Build of configuration Debug for project TestingCudo ****
Info: Configuration "Debug" uses tool-chain "CUDA Toolkit on the path" that is unsupported on this system, attempting to build anyway.
make all 
Building file: ../test1.cu
Invoking: NVCC Compiler
/usr/local/cuda-8.0/bin/nvcc -G -g -O0 -std=c++11 -gencode arch=compute_50,code=sm_50 -gencode arch=compute_52,code=sm_52  -odir "." -M -o "test1.d" "../test1.cu"
/usr/local/cuda-8.0/bin/nvcc -G -g -O0 -std=c++11 --compile --relocatable-device-code=false -gencode arch=compute_50,code=compute_50 -gencode arch=compute_52,code=compute_52 -gencode arch=compute_50,code=sm_50 -gencode arch=compute_52,code=sm_52  -x cu -o  "test1.o" "../test1.cu"
../test1.cu(503): warning: variable "array" was declared but never referenced

../test1.cu(504): warning: variable "cells" was declared but never referenced

../test1.cu(503): warning: variable "array" was declared but never referenced

../test1.cu(504): warning: variable "cells" was declared but never referenced

../test1.cu(503): warning: variable "array" was declared but never referenced

../test1.cu(504): warning: variable "cells" was declared but never referenced

ptxas warning : Stack size for entry function '_Z7computeP4gridP4pathPS0_' cannot be statically determined
ptxas warning : Stack size for entry function '_Z7computeP4gridP4pathPS0_' cannot be statically determined
Finished building: ../test1.cu
 
Building target: TestingCudo
Invoking: NVCC Linker
/usr/local/cuda-8.0/bin/nvcc --cudart static --relocatable-device-code=false -gencode arch=compute_50,code=compute_50 -gencode arch=compute_52,code=compute_52 -gencode arch=compute_50,code=sm_50 -gencode arch=compute_52,code=sm_52 -link -o  "TestingCudo"  ./test1.o ./test2.o   
Finished building target: TestingCudo
 
11:14:38 **** Incremental Build of configuration Debug for project TestingCudo ****
Info: Configuration "Debug" uses tool-chain "CUDA Toolkit on the path" that is unsupported on this system, attempting to build anyway.
make all 
Building file: ../test1.cu
Invoking: NVCC Compiler
/usr/local/cuda-8.0/bin/nvcc -G -g -O0 -std=c++11 -gencode arch=compute_50,code=sm_50 -gencode arch=compute_52,code=sm_52  -odir "." -M -o "test1.d" "../test1.cu"
/usr/local/cuda-8.0/bin/nvcc -G -g -O0 -std=c++11 --compile --relocatable-device-code=false -gencode arch=compute_50,code=compute_50 -gencode arch=compute_52,code=compute_52 -gencode arch=compute_50,code=sm_50 -gencode arch=compute_52,code=sm_52  -x cu -o  "test1.o" "../test1.cu"
../test1.cu(503): warning: variable "array" was declared but never referenced

../test1.cu(504): warning: variable "cells" was declared but never referenced

../test1.cu(503): warning: variable "array" was declared but never referenced

../test1.cu(504): warning: variable "cells" was declared but never referenced

../test1.cu(503): warning: variable "array" was declared but never referenced

../test1.cu(504): warning: variable "cells" was declared but never referenced

ptxas warning : Stack size for entry function '_Z7computeP4gridP4pathPS0_' cannot be statically determined
ptxas warning : Stack size for entry function '_Z7computeP4gridP4pathPS0_' cannot be statically determined
Finished building: ../test1.cu
 
Building target: TestingCudo
Invoking: NVCC Linker
/usr/local/cuda-8.0/bin/nvcc --cudart static --relocatable-device-code=false -gencode arch=compute_50,code=compute_50 -gencode arch=compute_52,code=compute_52 -gencode arch=compute_50,code=sm_50 -gencode arch=compute_52,code=sm_52 -link -o  "TestingCudo"  ./test1.o ./test2.o   
Finished building target: TestingCudo
 
14:26:05 **** Incremental Build of configuration Debug for project TestingCudo ****
Info: Configuration "Debug" uses tool-chain "CUDA Toolkit on the path" that is unsupported on this system, attempting to build anyway.
make all 
Building file: ../test1.cu
Invoking: NVCC Compiler
/usr/local/cuda-8.0/bin/nvcc -G -g -O0 -std=c++11 -gencode arch=compute_50,code=sm_50 -gencode arch=compute_52,code=sm_52  -odir "." -M -o "test1.d" "../test1.cu"
/usr/local/cuda-8.0/bin/nvcc -G -g -O0 -std=c++11 --compile --relocatable-device-code=false -gencode arch=compute_50,code=compute_50 -gencode arch=compute_52,code=compute_52 -gencode arch=compute_50,code=sm_50 -gencode arch=compute_52,code=sm_52  -x cu -o  "test1.o" "../test1.cu"
../test1.cu(503): warning: variable "array" was declared but never referenced

../test1.cu(504): warning: variable "cells" was declared but never referenced

../test1.cu(503): warning: variable "array" was declared but never referenced

../test1.cu(504): warning: variable "cells" was declared but never referenced

../test1.cu(503): warning: variable "array" was declared but never referenced

../test1.cu(504): warning: variable "cells" was declared but never referenced

ptxas warning : Stack size for entry function '_Z7computeP4gridP4pathPS0_' cannot be statically determined
ptxas warning : Stack size for entry function '_Z7computeP4gridP4pathPS0_' cannot be statically determined
Finished building: ../test1.cu
 
Building target: TestingCudo
Invoking: NVCC Linker
/usr/local/cuda-8.0/bin/nvcc --cudart static --relocatable-device-code=false -gencode arch=compute_50,code=compute_50 -gencode arch=compute_52,code=compute_52 -gencode arch=compute_50,code=sm_50 -gencode arch=compute_52,code=sm_52 -link -o  "TestingCudo"  ./test1.o ./test2.o   
Finished building target: TestingCudo
 
14:27:27 **** Incremental Build of configuration Debug for project TestingCudo ****
Info: Configuration "Debug" uses tool-chain "CUDA Toolkit on the path" that is unsupported on this system, attempting to build anyway.
make all 
Building file: ../test1.cu
Invoking: NVCC Compiler
/usr/local/cuda-8.0/bin/nvcc -G -g -O0 -std=c++11 -gencode arch=compute_50,code=sm_50 -gencode arch=compute_52,code=sm_52  -odir "." -M -o "test1.d" "../test1.cu"
/usr/local/cuda-8.0/bin/nvcc -G -g -O0 -std=c++11 --compile --relocatable-device-code=false -gencode arch=compute_50,code=compute_50 -gencode arch=compute_52,code=compute_52 -gencode arch=compute_50,code=sm_50 -gencode arch=compute_52,code=sm_52  -x cu -o  "test1.o" "../test1.cu"
../test1.cu(503): warning: variable "array" was declared but never referenced

../test1.cu(504): warning: variable "cells" was declared but never referenced

../test1.cu(503): warning: variable "array" was declared but never referenced

../test1.cu(504): warning: variable "cells" was declared but never referenced

../test1.cu(503): warning: variable "array" was declared but never referenced

../test1.cu(504): warning: variable "cells" was declared but never referenced

ptxas warning : Stack size for entry function '_Z7computeP4gridP4pathPS0_' cannot be statically determined
ptxas warning : Stack size for entry function '_Z7computeP4gridP4pathPS0_' cannot be statically determined
Finished building: ../test1.cu
 
Building target: TestingCudo
Invoking: NVCC Linker
/usr/local/cuda-8.0/bin/nvcc --cudart static --relocatable-device-code=false -gencode arch=compute_50,code=compute_50 -gencode arch=compute_52,code=compute_52 -gencode arch=compute_50,code=sm_50 -gencode arch=compute_52,code=sm_52 -link -o  "TestingCudo"  ./test1.o ./test2.o   
Finished building target: TestingCudo
 
14:32:08 **** Incremental Build of configuration Debug for project TestingCudo ****
Info: Configuration "Debug" uses tool-chain "CUDA Toolkit on the path" that is unsupported on this system, attempting to build anyway.
make all 
Building file: ../test1.cu
Invoking: NVCC Compiler
/usr/local/cuda-8.0/bin/nvcc -G -g -O0 -std=c++11 -gencode arch=compute_50,code=sm_50 -gencode arch=compute_52,code=sm_52  -odir "." -M -o "test1.d" "../test1.cu"
/usr/local/cuda-8.0/bin/nvcc -G -g -O0 -std=c++11 --compile --relocatable-device-code=false -gencode arch=compute_50,code=compute_50 -gencode arch=compute_52,code=compute_52 -gencode arch=compute_50,code=sm_50 -gencode arch=compute_52,code=sm_52  -x cu -o  "test1.o" "../test1.cu"
../test1.cu(146): warning: variable "last" was declared but never referenced

../test1.cu(501): warning: variable "array" was declared but never referenced

../test1.cu(502): warning: variable "cells" was declared but never referenced

../test1.cu(146): warning: variable "last" was declared but never referenced

../test1.cu(501): warning: variable "array" was declared but never referenced

../test1.cu(502): warning: variable "cells" was declared but never referenced

../test1.cu(146): warning: variable "last" was declared but never referenced

../test1.cu(501): warning: variable "array" was declared but never referenced

../test1.cu(502): warning: variable "cells" was declared but never referenced

ptxas warning : Stack size for entry function '_Z7computeP4gridP4pathPS0_' cannot be statically determined
ptxas warning : Stack size for entry function '_Z7computeP4gridP4pathPS0_' cannot be statically determined
Finished building: ../test1.cu
 
Building target: TestingCudo
Invoking: NVCC Linker
/usr/local/cuda-8.0/bin/nvcc --cudart static --relocatable-device-code=false -gencode arch=compute_50,code=compute_50 -gencode arch=compute_52,code=compute_52 -gencode arch=compute_50,code=sm_50 -gencode arch=compute_52,code=sm_52 -link -o  "TestingCudo"  ./test1.o ./test2.o   
Finished building target: TestingCudo
 
14:32:50 **** Incremental Build of configuration Debug for project TestingCudo ****
Info: Configuration "Debug" uses tool-chain "CUDA Toolkit on the path" that is unsupported on this system, attempting to build anyway.
make all 
Building file: ../test1.cu
Invoking: NVCC Compiler
/usr/local/cuda-8.0/bin/nvcc -G -g -O0 -std=c++11 -gencode arch=compute_50,code=sm_50 -gencode arch=compute_52,code=sm_52  -odir "." -M -o "test1.d" "../test1.cu"
/usr/local/cuda-8.0/bin/nvcc -G -g -O0 -std=c++11 --compile --relocatable-device-code=false -gencode arch=compute_50,code=compute_50 -gencode arch=compute_52,code=compute_52 -gencode arch=compute_50,code=sm_50 -gencode arch=compute_52,code=sm_52  -x cu -o  "test1.o" "../test1.cu"
../test1.cu(146): warning: variable "last" was declared but never referenced

../test1.cu(146): warning: variable "last" was declared but never referenced

../test1.cu(146): warning: variable "last" was declared but never referenced

ptxas warning : Stack size for entry function '_Z7computeP4gridP4pathPS0_' cannot be statically determined
ptxas warning : Stack size for entry function '_Z7computeP4gridP4pathPS0_' cannot be statically determined
Finished building: ../test1.cu
 
Building target: TestingCudo
Invoking: NVCC Linker
/usr/local/cuda-8.0/bin/nvcc --cudart static --relocatable-device-code=false -gencode arch=compute_50,code=compute_50 -gencode arch=compute_52,code=compute_52 -gencode arch=compute_50,code=sm_50 -gencode arch=compute_52,code=sm_52 -link -o  "TestingCudo"  ./test1.o ./test2.o   
Finished building target: TestingCudo
 
14:34:26 **** Incremental Build of configuration Debug for project TestingCudo ****
Info: Configuration "Debug" uses tool-chain "CUDA Toolkit on the path" that is unsupported on this system, attempting to build anyway.
make all 
Building file: ../test1.cu
Invoking: NVCC Compiler
/usr/local/cuda-8.0/bin/nvcc -G -g -O0 -std=c++11 -gencode arch=compute_50,code=sm_50 -gencode arch=compute_52,code=sm_52  -odir "." -M -o "test1.d" "../test1.cu"
/usr/local/cuda-8.0/bin/nvcc -G -g -O0 -std=c++11 --compile --relocatable-device-code=false -gencode arch=compute_50,code=compute_50 -gencode arch=compute_52,code=compute_52 -gencode arch=compute_50,code=sm_50 -gencode arch=compute_52,code=sm_52  -x cu -o  "test1.o" "../test1.cu"
../test1.cu(138): error: too many arguments in function call

../test1.cu(147): warning: variable "last" was declared but never referenced

1 error detected in the compilation of "/tmp/tmpxft_00002cb0_00000000-9_test1.compute_52.cpp1.ii".
subdir.mk:21: recipe for target 'test1.o' failed
make: *** [test1.o] Error 2
14:34:41 **** Incremental Build of configuration Debug for project TestingCudo ****
Info: Configuration "Debug" uses tool-chain "CUDA Toolkit on the path" that is unsupported on this system, attempting to build anyway.
make all 
Building file: ../test1.cu
Invoking: NVCC Compiler
/usr/local/cuda-8.0/bin/nvcc -G -g -O0 -std=c++11 -gencode arch=compute_50,code=sm_50 -gencode arch=compute_52,code=sm_52  -odir "." -M -o "test1.d" "../test1.cu"
/usr/local/cuda-8.0/bin/nvcc -G -g -O0 -std=c++11 --compile --relocatable-device-code=false -gencode arch=compute_50,code=compute_50 -gencode arch=compute_52,code=compute_52 -gencode arch=compute_50,code=sm_50 -gencode arch=compute_52,code=sm_52  -x cu -o  "test1.o" "../test1.cu"
../test1.cu(147): warning: variable "last" was declared but never referenced

../test1.cu(147): warning: variable "last" was declared but never referenced

../test1.cu(147): warning: variable "last" was declared but never referenced

ptxas warning : Stack size for entry function '_Z7computeP4gridP4pathPS0_' cannot be statically determined
ptxas warning : Stack size for entry function '_Z7computeP4gridP4pathPS0_' cannot be statically determined
Finished building: ../test1.cu
 
Building target: TestingCudo
Invoking: NVCC Linker
/usr/local/cuda-8.0/bin/nvcc --cudart static --relocatable-device-code=false -gencode arch=compute_50,code=compute_50 -gencode arch=compute_52,code=compute_52 -gencode arch=compute_50,code=sm_50 -gencode arch=compute_52,code=sm_52 -link -o  "TestingCudo"  ./test1.o ./test2.o   
Finished building target: TestingCudo
 
14:35:13 **** Incremental Build of configuration Debug for project TestingCudo ****
Info: Configuration "Debug" uses tool-chain "CUDA Toolkit on the path" that is unsupported on this system, attempting to build anyway.
make all 
Building file: ../test1.cu
Invoking: NVCC Compiler
/usr/local/cuda-8.0/bin/nvcc -G -g -O0 -std=c++11 -gencode arch=compute_50,code=sm_50 -gencode arch=compute_52,code=sm_52  -odir "." -M -o "test1.d" "../test1.cu"
/usr/local/cuda-8.0/bin/nvcc -G -g -O0 -std=c++11 --compile --relocatable-device-code=false -gencode arch=compute_50,code=compute_50 -gencode arch=compute_52,code=compute_52 -gencode arch=compute_50,code=sm_50 -gencode arch=compute_52,code=sm_52  -x cu -o  "test1.o" "../test1.cu"
../test1.cu(147): warning: variable "last" was declared but never referenced

../test1.cu(147): warning: variable "last" was declared but never referenced

../test1.cu(147): warning: variable "last" was declared but never referenced

ptxas warning : Stack size for entry function '_Z7computeP4gridP4pathPS0_' cannot be statically determined
ptxas warning : Stack size for entry function '_Z7computeP4gridP4pathPS0_' cannot be statically determined
Finished building: ../test1.cu
 
Building target: TestingCudo
Invoking: NVCC Linker
/usr/local/cuda-8.0/bin/nvcc --cudart static --relocatable-device-code=false -gencode arch=compute_50,code=compute_50 -gencode arch=compute_52,code=compute_52 -gencode arch=compute_50,code=sm_50 -gencode arch=compute_52,code=sm_52 -link -o  "TestingCudo"  ./test1.o ./test2.o   
Finished building target: TestingCudo
 
14:35:55 **** Incremental Build of configuration Debug for project TestingCudo ****
Info: Configuration "Debug" uses tool-chain "CUDA Toolkit on the path" that is unsupported on this system, attempting to build anyway.
make all 
Building file: ../test1.cu
Invoking: NVCC Compiler
/usr/local/cuda-8.0/bin/nvcc -G -g -O0 -std=c++11 -gencode arch=compute_50,code=sm_50 -gencode arch=compute_52,code=sm_52  -odir "." -M -o "test1.d" "../test1.cu"
/usr/local/cuda-8.0/bin/nvcc -G -g -O0 -std=c++11 --compile --relocatable-device-code=false -gencode arch=compute_50,code=compute_50 -gencode arch=compute_52,code=compute_52 -gencode arch=compute_50,code=sm_50 -gencode arch=compute_52,code=sm_52  -x cu -o  "test1.o" "../test1.cu"
ptxas warning : Stack size for entry function '_Z7computeP4gridP4pathPS0_' cannot be statically determined
ptxas warning : Stack size for entry function '_Z7computeP4gridP4pathPS0_' cannot be statically determined
Finished building: ../test1.cu
 
Building target: TestingCudo
Invoking: NVCC Linker
/usr/local/cuda-8.0/bin/nvcc --cudart static --relocatable-device-code=false -gencode arch=compute_50,code=compute_50 -gencode arch=compute_52,code=compute_52 -gencode arch=compute_50,code=sm_50 -gencode arch=compute_52,code=sm_52 -link -o  "TestingCudo"  ./test1.o ./test2.o   
Finished building target: TestingCudo
 
14:36:32 **** Incremental Build of configuration Debug for project TestingCudo ****
Info: Configuration "Debug" uses tool-chain "CUDA Toolkit on the path" that is unsupported on this system, attempting to build anyway.
make all 
Building file: ../test1.cu
Invoking: NVCC Compiler
/usr/local/cuda-8.0/bin/nvcc -G -g -O0 -std=c++11 -gencode arch=compute_50,code=sm_50 -gencode arch=compute_52,code=sm_52  -odir "." -M -o "test1.d" "../test1.cu"
/usr/local/cuda-8.0/bin/nvcc -G -g -O0 -std=c++11 --compile --relocatable-device-code=false -gencode arch=compute_50,code=compute_50 -gencode arch=compute_52,code=compute_52 -gencode arch=compute_50,code=sm_50 -gencode arch=compute_52,code=sm_52  -x cu -o  "test1.o" "../test1.cu"
ptxas warning : Stack size for entry function '_Z7computeP4gridP4pathPS0_' cannot be statically determined
ptxas warning : Stack size for entry function '_Z7computeP4gridP4pathPS0_' cannot be statically determined
Finished building: ../test1.cu
 
Building target: TestingCudo
Invoking: NVCC Linker
/usr/local/cuda-8.0/bin/nvcc --cudart static --relocatable-device-code=false -gencode arch=compute_50,code=compute_50 -gencode arch=compute_52,code=compute_52 -gencode arch=compute_50,code=sm_50 -gencode arch=compute_52,code=sm_52 -link -o  "TestingCudo"  ./test1.o ./test2.o   
Finished building target: TestingCudo
 
14:36:53 **** Incremental Build of configuration Debug for project TestingCudo ****
Info: Configuration "Debug" uses tool-chain "CUDA Toolkit on the path" that is unsupported on this system, attempting to build anyway.
make all 
Building file: ../test1.cu
Invoking: NVCC Compiler
/usr/local/cuda-8.0/bin/nvcc -G -g -O0 -std=c++11 -gencode arch=compute_50,code=sm_50 -gencode arch=compute_52,code=sm_52  -odir "." -M -o "test1.d" "../test1.cu"
/usr/local/cuda-8.0/bin/nvcc -G -g -O0 -std=c++11 --compile --relocatable-device-code=false -gencode arch=compute_50,code=compute_50 -gencode arch=compute_52,code=compute_52 -gencode arch=compute_50,code=sm_50 -gencode arch=compute_52,code=sm_52  -x cu -o  "test1.o" "../test1.cu"
ptxas warning : Stack size for entry function '_Z7computeP4gridP4pathPS0_' cannot be statically determined
ptxas warning : Stack size for entry function '_Z7computeP4gridP4pathPS0_' cannot be statically determined
Finished building: ../test1.cu
 
Building target: TestingCudo
Invoking: NVCC Linker
/usr/local/cuda-8.0/bin/nvcc --cudart static --relocatable-device-code=false -gencode arch=compute_50,code=compute_50 -gencode arch=compute_52,code=compute_52 -gencode arch=compute_50,code=sm_50 -gencode arch=compute_52,code=sm_52 -link -o  "TestingCudo"  ./test1.o ./test2.o   
Finished building target: TestingCudo
 
14:38:27 **** Incremental Build of configuration Debug for project TestingCudo ****
Info: Configuration "Debug" uses tool-chain "CUDA Toolkit on the path" that is unsupported on this system, attempting to build anyway.
make all 
Building file: ../test1.cu
Invoking: NVCC Compiler
/usr/local/cuda-8.0/bin/nvcc -G -g -O0 -std=c++11 -gencode arch=compute_50,code=sm_50 -gencode arch=compute_52,code=sm_52  -odir "." -M -o "test1.d" "../test1.cu"
/usr/local/cuda-8.0/bin/nvcc -G -g -O0 -std=c++11 --compile --relocatable-device-code=false -gencode arch=compute_50,code=compute_50 -gencode arch=compute_52,code=compute_52 -gencode arch=compute_50,code=sm_50 -gencode arch=compute_52,code=sm_52  -x cu -o  "test1.o" "../test1.cu"
ptxas warning : Stack size for entry function '_Z7computeP4gridP4pathPS0_' cannot be statically determined
ptxas warning : Stack size for entry function '_Z7computeP4gridP4pathPS0_' cannot be statically determined
Finished building: ../test1.cu
 
Building target: TestingCudo
Invoking: NVCC Linker
/usr/local/cuda-8.0/bin/nvcc --cudart static --relocatable-device-code=false -gencode arch=compute_50,code=compute_50 -gencode arch=compute_52,code=compute_52 -gencode arch=compute_50,code=sm_50 -gencode arch=compute_52,code=sm_52 -link -o  "TestingCudo"  ./test1.o ./test2.o   
Finished building target: TestingCudo
 
14:40:54 **** Incremental Build of configuration Debug for project TestingCudo ****
Info: Configuration "Debug" uses tool-chain "CUDA Toolkit on the path" that is unsupported on this system, attempting to build anyway.
make all 
Building file: ../test1.cu
Invoking: NVCC Compiler
/usr/local/cuda-8.0/bin/nvcc -G -g -O0 -std=c++11 -gencode arch=compute_50,code=sm_50 -gencode arch=compute_52,code=sm_52  -odir "." -M -o "test1.d" "../test1.cu"
/usr/local/cuda-8.0/bin/nvcc -G -g -O0 -std=c++11 --compile --relocatable-device-code=false -gencode arch=compute_50,code=compute_50 -gencode arch=compute_52,code=compute_52 -gencode arch=compute_50,code=sm_50 -gencode arch=compute_52,code=sm_52  -x cu -o  "test1.o" "../test1.cu"
../test1.cu(234): error: a value of type "void" cannot be used to initialize an entity of type "grid *"

../test1.cu(146): warning: variable "result" was declared but never referenced

1 error detected in the compilation of "/tmp/tmpxft_0000360d_00000000-9_test1.compute_52.cpp1.ii".
subdir.mk:21: recipe for target 'test1.o' failed
make: *** [test1.o] Error 2
14:41:06 **** Incremental Build of configuration Debug for project TestingCudo ****
Info: Configuration "Debug" uses tool-chain "CUDA Toolkit on the path" that is unsupported on this system, attempting to build anyway.
make all 
Building file: ../test1.cu
Invoking: NVCC Compiler
/usr/local/cuda-8.0/bin/nvcc -G -g -O0 -std=c++11 -gencode arch=compute_50,code=sm_50 -gencode arch=compute_52,code=sm_52  -odir "." -M -o "test1.d" "../test1.cu"
/usr/local/cuda-8.0/bin/nvcc -G -g -O0 -std=c++11 --compile --relocatable-device-code=false -gencode arch=compute_50,code=compute_50 -gencode arch=compute_52,code=compute_52 -gencode arch=compute_50,code=sm_50 -gencode arch=compute_52,code=sm_52  -x cu -o  "test1.o" "../test1.cu"
../test1.cu(146): warning: variable "result" was declared but never referenced

../test1.cu(146): warning: variable "result" was declared but never referenced

../test1.cu(146): warning: variable "result" was declared but never referenced

ptxas warning : Stack size for entry function '_Z7computeP4gridP4pathPS0_' cannot be statically determined
ptxas warning : Stack size for entry function '_Z7computeP4gridP4pathPS0_' cannot be statically determined
Finished building: ../test1.cu
 
Building target: TestingCudo
Invoking: NVCC Linker
/usr/local/cuda-8.0/bin/nvcc --cudart static --relocatable-device-code=false -gencode arch=compute_50,code=compute_50 -gencode arch=compute_52,code=compute_52 -gencode arch=compute_50,code=sm_50 -gencode arch=compute_52,code=sm_52 -link -o  "TestingCudo"  ./test1.o ./test2.o   
Finished building target: TestingCudo
 
14:41:55 **** Incremental Build of configuration Debug for project TestingCudo ****
Info: Configuration "Debug" uses tool-chain "CUDA Toolkit on the path" that is unsupported on this system, attempting to build anyway.
make all 
make: Nothing to be done for 'all'.
14:42:43 **** Incremental Build of configuration Debug for project TestingCudo ****
Info: Configuration "Debug" uses tool-chain "CUDA Toolkit on the path" that is unsupported on this system, attempting to build anyway.
make all 
make: Nothing to be done for 'all'.
14:45:43 **** Incremental Build of configuration Debug for project TestingCudo ****
Info: Configuration "Debug" uses tool-chain "CUDA Toolkit on the path" that is unsupported on this system, attempting to build anyway.
make all 
Building file: ../test1.cu
Invoking: NVCC Compiler
/usr/local/cuda-8.0/bin/nvcc -G -g -O0 -std=c++11 -gencode arch=compute_50,code=sm_50 -gencode arch=compute_52,code=sm_52  -odir "." -M -o "test1.d" "../test1.cu"
/usr/local/cuda-8.0/bin/nvcc -G -g -O0 -std=c++11 --compile --relocatable-device-code=false -gencode arch=compute_50,code=compute_50 -gencode arch=compute_52,code=compute_52 -gencode arch=compute_50,code=sm_50 -gencode arch=compute_52,code=sm_52  -x cu -o  "test1.o" "../test1.cu"
../test1.cu(146): warning: variable "result" was declared but never referenced

../test1.cu(146): warning: variable "result" was declared but never referenced

../test1.cu(146): warning: variable "result" was declared but never referenced

ptxas warning : Stack size for entry function '_Z7computeP4gridP4pathPS0_' cannot be statically determined
ptxas warning : Stack size for entry function '_Z7computeP4gridP4pathPS0_' cannot be statically determined
Finished building: ../test1.cu
 
Building target: TestingCudo
Invoking: NVCC Linker
/usr/local/cuda-8.0/bin/nvcc --cudart static --relocatable-device-code=false -gencode arch=compute_50,code=compute_50 -gencode arch=compute_52,code=compute_52 -gencode arch=compute_50,code=sm_50 -gencode arch=compute_52,code=sm_52 -link -o  "TestingCudo"  ./test1.o ./test2.o   
Finished building target: TestingCudo
 
14:46:10 **** Incremental Build of configuration Debug for project TestingCudo ****
Info: Configuration "Debug" uses tool-chain "CUDA Toolkit on the path" that is unsupported on this system, attempting to build anyway.
make all 
Building file: ../test1.cu
Invoking: NVCC Compiler
/usr/local/cuda-8.0/bin/nvcc -G -g -O0 -std=c++11 -gencode arch=compute_50,code=sm_50 -gencode arch=compute_52,code=sm_52  -odir "." -M -o "test1.d" "../test1.cu"
/usr/local/cuda-8.0/bin/nvcc -G -g -O0 -std=c++11 --compile --relocatable-device-code=false -gencode arch=compute_50,code=compute_50 -gencode arch=compute_52,code=compute_52 -gencode arch=compute_50,code=sm_50 -gencode arch=compute_52,code=sm_52  -x cu -o  "test1.o" "../test1.cu"
../test1.cu(146): warning: variable "result" was declared but never referenced

../test1.cu(146): warning: variable "result" was declared but never referenced

../test1.cu(146): warning: variable "result" was declared but never referenced

ptxas warning : Stack size for entry function '_Z7computeP4gridP4pathPS0_' cannot be statically determined
ptxas warning : Stack size for entry function '_Z7computeP4gridP4pathPS0_' cannot be statically determined
Finished building: ../test1.cu
 
Building target: TestingCudo
Invoking: NVCC Linker
/usr/local/cuda-8.0/bin/nvcc --cudart static --relocatable-device-code=false -gencode arch=compute_50,code=compute_50 -gencode arch=compute_52,code=compute_52 -gencode arch=compute_50,code=sm_50 -gencode arch=compute_52,code=sm_52 -link -o  "TestingCudo"  ./test1.o ./test2.o   
Finished building target: TestingCudo
 
14:48:11 **** Incremental Build of configuration Debug for project TestingCudo ****
Info: Configuration "Debug" uses tool-chain "CUDA Toolkit on the path" that is unsupported on this system, attempting to build anyway.
make all 
Building file: ../test1.cu
Invoking: NVCC Compiler
/usr/local/cuda-8.0/bin/nvcc -G -g -O0 -std=c++11 -gencode arch=compute_50,code=sm_50 -gencode arch=compute_52,code=sm_52  -odir "." -M -o "test1.d" "../test1.cu"
/usr/local/cuda-8.0/bin/nvcc -G -g -O0 -std=c++11 --compile --relocatable-device-code=false -gencode arch=compute_50,code=compute_50 -gencode arch=compute_52,code=compute_52 -gencode arch=compute_50,code=sm_50 -gencode arch=compute_52,code=sm_52  -x cu -o  "test1.o" "../test1.cu"
../test1.cu(146): warning: variable "result" was declared but never referenced

../test1.cu(146): warning: variable "result" was declared but never referenced

../test1.cu(146): warning: variable "result" was declared but never referenced

ptxas warning : Stack size for entry function '_Z7computeP4gridP4pathPS0_' cannot be statically determined
ptxas warning : Stack size for entry function '_Z7computeP4gridP4pathPS0_' cannot be statically determined
Finished building: ../test1.cu
 
Building target: TestingCudo
Invoking: NVCC Linker
/usr/local/cuda-8.0/bin/nvcc --cudart static --relocatable-device-code=false -gencode arch=compute_50,code=compute_50 -gencode arch=compute_52,code=compute_52 -gencode arch=compute_50,code=sm_50 -gencode arch=compute_52,code=sm_52 -link -o  "TestingCudo"  ./test1.o ./test2.o   
Finished building target: TestingCudo
 
15:56:18 **** Incremental Build of configuration Debug for project TestingCudo ****
Info: Configuration "Debug" uses tool-chain "CUDA Toolkit on the path" that is unsupported on this system, attempting to build anyway.
make all 
Building file: ../test1.cu
Invoking: NVCC Compiler
/usr/local/cuda-8.0/bin/nvcc -G -g -O0 -std=c++11 -gencode arch=compute_50,code=sm_50 -gencode arch=compute_52,code=sm_52  -odir "." -M -o "test1.d" "../test1.cu"
/usr/local/cuda-8.0/bin/nvcc -G -g -O0 -std=c++11 --compile --relocatable-device-code=false -gencode arch=compute_50,code=compute_50 -gencode arch=compute_52,code=compute_52 -gencode arch=compute_50,code=sm_50 -gencode arch=compute_52,code=sm_52  -x cu -o  "test1.o" "../test1.cu"
../test1.cu(146): warning: variable "result" was declared but never referenced

../test1.cu(146): warning: variable "result" was declared but never referenced

../test1.cu(146): warning: variable "result" was declared but never referenced

ptxas warning : Stack size for entry function '_Z7computeP4gridP4pathPS0_' cannot be statically determined
ptxas warning : Stack size for entry function '_Z7computeP4gridP4pathPS0_' cannot be statically determined
Finished building: ../test1.cu
 
Building target: TestingCudo
Invoking: NVCC Linker
/usr/local/cuda-8.0/bin/nvcc --cudart static --relocatable-device-code=false -gencode arch=compute_50,code=compute_50 -gencode arch=compute_52,code=compute_52 -gencode arch=compute_50,code=sm_50 -gencode arch=compute_52,code=sm_52 -link -o  "TestingCudo"  ./test1.o ./test2.o   
Finished building target: TestingCudo
 
15:56:26 **** Incremental Build of configuration Debug for project TestingCudo ****
Info: Configuration "Debug" uses tool-chain "CUDA Toolkit on the path" that is unsupported on this system, attempting to build anyway.
make all 
make: Nothing to be done for 'all'.
15:57:28 **** Incremental Build of configuration Debug for project TestingCudo ****
Info: Configuration "Debug" uses tool-chain "CUDA Toolkit on the path" that is unsupported on this system, attempting to build anyway.
make all 
Building file: ../test1.cu
Invoking: NVCC Compiler
/usr/local/cuda-8.0/bin/nvcc -G -g -O0 -std=c++11 -gencode arch=compute_50,code=sm_50 -gencode arch=compute_52,code=sm_52  -odir "." -M -o "test1.d" "../test1.cu"
/usr/local/cuda-8.0/bin/nvcc -G -g -O0 -std=c++11 --compile --relocatable-device-code=false -gencode arch=compute_50,code=compute_50 -gencode arch=compute_52,code=compute_52 -gencode arch=compute_50,code=sm_50 -gencode arch=compute_52,code=sm_52  -x cu -o  "test1.o" "../test1.cu"
../test1.cu(245): error: no suitable conversion function from "grid" to "void *" exists

../test1.cu(146): warning: variable "result" was declared but never referenced

1 error detected in the compilation of "/tmp/tmpxft_00003dcb_00000000-9_test1.compute_52.cpp1.ii".
subdir.mk:21: recipe for target 'test1.o' failed
make: *** [test1.o] Error 2
15:58:02 **** Incremental Build of configuration Debug for project TestingCudo ****
Info: Configuration "Debug" uses tool-chain "CUDA Toolkit on the path" that is unsupported on this system, attempting to build anyway.
make all 
Building file: ../test1.cu
Invoking: NVCC Compiler
/usr/local/cuda-8.0/bin/nvcc -G -g -O0 -std=c++11 -gencode arch=compute_50,code=sm_50 -gencode arch=compute_52,code=sm_52  -odir "." -M -o "test1.d" "../test1.cu"
/usr/local/cuda-8.0/bin/nvcc -G -g -O0 -std=c++11 --compile --relocatable-device-code=false -gencode arch=compute_50,code=compute_50 -gencode arch=compute_52,code=compute_52 -gencode arch=compute_50,code=sm_50 -gencode arch=compute_52,code=sm_52  -x cu -o  "test1.o" "../test1.cu"
../test1.cu(146): warning: variable "result" was declared but never referenced

../test1.cu(146): warning: variable "result" was declared but never referenced

../test1.cu(146): warning: variable "result" was declared but never referenced

ptxas warning : Stack size for entry function '_Z7computeP4gridP4pathPS0_' cannot be statically determined
ptxas warning : Stack size for entry function '_Z7computeP4gridP4pathPS0_' cannot be statically determined
Finished building: ../test1.cu
 
Building target: TestingCudo
Invoking: NVCC Linker
/usr/local/cuda-8.0/bin/nvcc --cudart static --relocatable-device-code=false -gencode arch=compute_50,code=compute_50 -gencode arch=compute_52,code=compute_52 -gencode arch=compute_50,code=sm_50 -gencode arch=compute_52,code=sm_52 -link -o  "TestingCudo"  ./test1.o ./test2.o   
Finished building target: TestingCudo
 
15:58:15 **** Incremental Build of configuration Debug for project TestingCudo ****
Info: Configuration "Debug" uses tool-chain "CUDA Toolkit on the path" that is unsupported on this system, attempting to build anyway.
make all 
Building file: ../test1.cu
Invoking: NVCC Compiler
/usr/local/cuda-8.0/bin/nvcc -G -g -O0 -std=c++11 -gencode arch=compute_50,code=sm_50 -gencode arch=compute_52,code=sm_52  -odir "." -M -o "test1.d" "../test1.cu"
/usr/local/cuda-8.0/bin/nvcc -G -g -O0 -std=c++11 --compile --relocatable-device-code=false -gencode arch=compute_50,code=compute_50 -gencode arch=compute_52,code=compute_52 -gencode arch=compute_50,code=sm_50 -gencode arch=compute_52,code=sm_52  -x cu -o  "test1.o" "../test1.cu"
../test1.cu(146): warning: variable "result" was declared but never referenced

../test1.cu(146): warning: variable "result" was declared but never referenced

../test1.cu(146): warning: variable "result" was declared but never referenced

ptxas warning : Stack size for entry function '_Z7computeP4gridP4pathPS0_' cannot be statically determined
ptxas warning : Stack size for entry function '_Z7computeP4gridP4pathPS0_' cannot be statically determined
Finished building: ../test1.cu
 
Building target: TestingCudo
Invoking: NVCC Linker
/usr/local/cuda-8.0/bin/nvcc --cudart static --relocatable-device-code=false -gencode arch=compute_50,code=compute_50 -gencode arch=compute_52,code=compute_52 -gencode arch=compute_50,code=sm_50 -gencode arch=compute_52,code=sm_52 -link -o  "TestingCudo"  ./test1.o ./test2.o   
Finished building target: TestingCudo
 
15:58:19 **** Incremental Build of configuration Debug for project TestingCudo ****
Info: Configuration "Debug" uses tool-chain "CUDA Toolkit on the path" that is unsupported on this system, attempting to build anyway.
make all 
make: Nothing to be done for 'all'.
